<?xml version="1.0" encoding="UTF-8"?>
<!-- Generated by org.testng.reporters.JUnitReportReporter -->
<testsuite hostname="DESKTOP-BG83L86" failures="0" tests="10" name="in.task_erp_api.testcases.DesignationFolderAPITestCases" time="5.152" errors="0" timestamp="2024-05-24T14:44:14 IST" skipped="3">
  <testcase classname="in.task_erp_api.testcases.DesignationFolderAPITestCases" name="verify_Add_Designation_Without_Authorization" time="0.544"/>
  <testcase classname="in.task_erp_api.testcases.DesignationFolderAPITestCases" name="verify_Get_All_Designation_By_Department_Without_Authorization" time="0.544"/>
  <testcase classname="in.task_erp_api.testcases.DesignationFolderAPITestCases" name="verify_Get_All_Designation_Without_Authorization" time="0.548"/>
  <testcase classname="in.task_erp_api.testcases.DesignationFolderAPITestCases" name="verify_Update_Designation_Without_Authorization" time="1.409"/>
  <testcase classname="in.task_erp_api.testcases.DesignationFolderAPITestCases" name="verify_Delete_Designation_Without_Authorization" time="0.510"/>
  <testcase classname="in.task_erp_api.testcases.DesignationFolderAPITestCases" name="verify_Get_All_Designation_With_Authorization" time="0.666"/>
  <testcase classname="in.task_erp_api.testcases.DesignationFolderAPITestCases" name="verify_Get_All_Designation_By_Department_With_Authorization" time="0.931"/>
  <testcase classname="in.task_erp_api.testcases.DesignationFolderAPITestCases" name="verify_Update_Designation_With_Authorization">
    <skipped/>
  </testcase> <!-- verify_Update_Designation_With_Authorization -->
  <testcase classname="in.task_erp_api.testcases.DesignationFolderAPITestCases" name="verify_Delete_Designation_With_Authorization">
    <skipped/>
  </testcase> <!-- verify_Delete_Designation_With_Authorization -->
  <testcase classname="in.task_erp_api.testcases.DesignationFolderAPITestCases" name="verify_Add_Designation_With_Authorization">
    <skipped/>
  </testcase> <!-- verify_Add_Designation_With_Authorization -->
</testsuite> <!-- in.task_erp_api.testcases.DesignationFolderAPITestCases -->
