<?xml version="1.0" encoding="UTF-8"?>
<!-- Generated by org.testng.reporters.JUnitReportReporter -->
<testsuite hostname="DESKTOP-BG83L86" failures="0" tests="8" name="in.task_erp_api.testcases.StatusFolderAPITestCases" time="3.041" errors="0" timestamp="2024-05-24T14:44:14 IST" skipped="3">
  <testcase classname="in.task_erp_api.testcases.StatusFolderAPITestCases" name="verify_Add_Status_Without_Authorization" time="0.514"/>
  <testcase classname="in.task_erp_api.testcases.StatusFolderAPITestCases" name="verify_Get_All_Status_Without_Authorization" time="0.516"/>
  <testcase classname="in.task_erp_api.testcases.StatusFolderAPITestCases" name="verify_Update_Status_Without_Authorization" time="0.947"/>
  <testcase classname="in.task_erp_api.testcases.StatusFolderAPITestCases" name="verify_Delete_Status_Without_Authorization" time="0.508"/>
  <testcase classname="in.task_erp_api.testcases.StatusFolderAPITestCases" name="verify_Get_All_Status_With_Authorization" time="0.556"/>
  <testcase classname="in.task_erp_api.testcases.StatusFolderAPITestCases" name="verify_Delete_Single_Status_With_Authorization">
    <skipped/>
  </testcase> <!-- verify_Delete_Single_Status_With_Authorization -->
  <testcase classname="in.task_erp_api.testcases.StatusFolderAPITestCases" name="verify_Update_Status_With_Authorization">
    <skipped/>
  </testcase> <!-- verify_Update_Status_With_Authorization -->
  <testcase classname="in.task_erp_api.testcases.StatusFolderAPITestCases" name="verify_Add_Status_With_Authorization">
    <skipped/>
  </testcase> <!-- verify_Add_Status_With_Authorization -->
</testsuite> <!-- in.task_erp_api.testcases.StatusFolderAPITestCases -->
