<?xml version="1.0" encoding="UTF-8"?>
<!-- Generated by org.testng.reporters.JUnitReportReporter -->
<testsuite hostname="DESKTOP-BG83L86" failures="0" tests="47" name="in.biencaps.erp.api.testcases.EmployeeFolderAPITestCases" time="24.292" errors="0" timestamp="2024-05-27T16:08:59 IST" skipped="5">
  <testcase classname="in.biencaps.erp.api.testcases.EmployeeFolderAPITestCases" name="verify_Add_Employee_Without_Authorization" time="0.575"/>
  <testcase classname="in.biencaps.erp.api.testcases.EmployeeFolderAPITestCases" name="verify_Get_Single_Employee_Without_Authorization" time="0.506"/>
  <testcase classname="in.biencaps.erp.api.testcases.EmployeeFolderAPITestCases" name="verify_Get_UserId_Without_Authorization" time="0.514"/>
  <testcase classname="in.biencaps.erp.api.testcases.EmployeeFolderAPITestCases" name="verify_Get_All_Reporting_Authorities_Without_Authorization" time="0.514"/>
  <testcase classname="in.biencaps.erp.api.testcases.EmployeeFolderAPITestCases" name="verify_Get_All_Assignees_Without_Authorization" time="0.321"/>
  <testcase classname="in.biencaps.erp.api.testcases.EmployeeFolderAPITestCases" name="verify_Get_All_Employees_Without_Authorization" time="0.587"/>
  <testcase classname="in.biencaps.erp.api.testcases.EmployeeFolderAPITestCases" name="verify_Get_All_Active_Users_Info_Without_Authorization" time="0.416"/>
  <testcase classname="in.biencaps.erp.api.testcases.EmployeeFolderAPITestCases" name="verify_Get_All_Employees_Ids_And_Names_Without_Authorization" time="0.507"/>
  <testcase classname="in.biencaps.erp.api.testcases.EmployeeFolderAPITestCases" name="verify_Get_Assigned_Task_Info_By_Role_Without_Authorization" time="0.617"/>
  <testcase classname="in.biencaps.erp.api.testcases.EmployeeFolderAPITestCases" name="verify_Get_Search_Employee_In_Level_Without_Authorization" time="0.333"/>
  <testcase classname="in.biencaps.erp.api.testcases.EmployeeFolderAPITestCases" name="verify_Add_Token_For_Web_Without_Authorization" time="0.367"/>
  <testcase classname="in.biencaps.erp.api.testcases.EmployeeFolderAPITestCases" name="verify_Add_Token_For_Mobile_Without_Authorization" time="0.405"/>
  <testcase classname="in.biencaps.erp.api.testcases.EmployeeFolderAPITestCases" name="verify_Update_Employee_Without_Authorization" time="0.315"/>
  <testcase classname="in.biencaps.erp.api.testcases.EmployeeFolderAPITestCases" name="verify_Update_Password_Without_Authorization" time="0.523"/>
  <testcase classname="in.biencaps.erp.api.testcases.EmployeeFolderAPITestCases" name="verify_Get_Task_Owners_Without_Authorization" time="0.612"/>
  <testcase classname="in.biencaps.erp.api.testcases.EmployeeFolderAPITestCases" name="verify_Get_All_Employee_With_Authorization" time="1.305"/>
  <testcase classname="in.biencaps.erp.api.testcases.EmployeeFolderAPITestCases" name="verify_Get_Single_Employee_With_Authorization" time="0.928"/>
  <testcase classname="in.biencaps.erp.api.testcases.EmployeeFolderAPITestCases" name="verify_Get_Single_Employee_By_Giving_Invalid_UserId" time="0.354"/>
  <testcase classname="in.biencaps.erp.api.testcases.EmployeeFolderAPITestCases" name="verify_Get_Task_Owners_With_Authorization" time="1.366"/>
  <testcase classname="in.biencaps.erp.api.testcases.EmployeeFolderAPITestCases" name="verify_Get_User_Id_With_Authorization" time="1.023"/>
  <testcase classname="in.biencaps.erp.api.testcases.EmployeeFolderAPITestCases" name="verify_Get_All_Employee_Id_And_Names_With_Authorization" time="1.056"/>
  <testcase classname="in.biencaps.erp.api.testcases.EmployeeFolderAPITestCases" name="verify_Get_Reporting_Authority_With_Authorization" time="0.989"/>
  <testcase classname="in.biencaps.erp.api.testcases.EmployeeFolderAPITestCases" name="verify_Get_Reporting_Authority_By_Giving_Invalid_Department" time="0.831"/>
  <testcase classname="in.biencaps.erp.api.testcases.EmployeeFolderAPITestCases" name="verify_Get_All_Assignee_With_Authorization_By_Giving_Valid_Role_Level" time="1.010"/>
  <testcase classname="in.biencaps.erp.api.testcases.EmployeeFolderAPITestCases" name="verify_Get_Assigned_Task_Info_By_Role_With_Authorization" time="0.515"/>
  <testcase classname="in.biencaps.erp.api.testcases.EmployeeFolderAPITestCases" name="verify_Get_Assigned_Task_Info_By_Role_With_Authorization" time="0.784"/>
  <testcase classname="in.biencaps.erp.api.testcases.EmployeeFolderAPITestCases" name="verify_Get_Assigned_Task_Info_By_Role_With_Authorization" time="0.512"/>
  <testcase classname="in.biencaps.erp.api.testcases.EmployeeFolderAPITestCases" name="verify_Get_Assigned_Task_Info_By_Role_With_Authorization" time="0.321"/>
  <testcase classname="in.biencaps.erp.api.testcases.EmployeeFolderAPITestCases" name="verify_Get_Encrypted_Email_With_Authorization" time="0.331"/>
  <testcase classname="in.biencaps.erp.api.testcases.EmployeeFolderAPITestCases" name="verify_Get_Encrypted_Email_With_Authorization" time="0.868"/>
  <testcase classname="in.biencaps.erp.api.testcases.EmployeeFolderAPITestCases" name="verify_Get_Search_Employee_In_Level_With_Authorization" time="0.319"/>
  <testcase classname="in.biencaps.erp.api.testcases.EmployeeFolderAPITestCases" name="verify_Get_Search_Employee_In_Level_With_Authorization" time="0.337"/>
  <testcase classname="in.biencaps.erp.api.testcases.EmployeeFolderAPITestCases" name="verify_Get_Search_Employee_In_Level_With_Authorization" time="0.513"/>
  <testcase classname="in.biencaps.erp.api.testcases.EmployeeFolderAPITestCases" name="verify_Get_Search_Employee_In_Level_With_Authorization" time="0.330"/>
  <testcase classname="in.biencaps.erp.api.testcases.EmployeeFolderAPITestCases" name="verify_Get_Search_Employee_In_Level_With_Authorization" time="0.559"/>
  <testcase classname="in.biencaps.erp.api.testcases.EmployeeFolderAPITestCases" name="verify_Get_Search_Employee_In_Level_With_Authorization" time="0.485"/>
  <testcase classname="in.biencaps.erp.api.testcases.EmployeeFolderAPITestCases" name="verify_Add_Token_For_Web_With_Authorization" time="0.484"/>
  <testcase classname="in.biencaps.erp.api.testcases.EmployeeFolderAPITestCases" name="verify_Add_Token_For_Web_With_Authorization" time="0.513"/>
  <testcase classname="in.biencaps.erp.api.testcases.EmployeeFolderAPITestCases" name="verify_Add_Token_For_Web_With_Authorization" time="0.416"/>
  <testcase classname="in.biencaps.erp.api.testcases.EmployeeFolderAPITestCases" name="verify_Add_Token_For_Mobile_With_Authorization" time="0.394"/>
  <testcase classname="in.biencaps.erp.api.testcases.EmployeeFolderAPITestCases" name="verify_Add_Token_For_Mobile_With_Authorization" time="0.305"/>
  <testcase classname="in.biencaps.erp.api.testcases.EmployeeFolderAPITestCases" name="verify_Add_Token_For_Mobile_With_Authorization" time="0.332"/>
  <testcase classname="in.biencaps.erp.api.testcases.EmployeeFolderAPITestCases" name="verify_Get_All_Active_Users_Info_With_Authorization">
    <skipped/>
  </testcase> <!-- verify_Get_All_Active_Users_Info_With_Authorization -->
  <testcase classname="in.biencaps.erp.api.testcases.EmployeeFolderAPITestCases" name="verify_Update_Employee_With_Authorization">
    <skipped/>
  </testcase> <!-- verify_Update_Employee_With_Authorization -->
  <testcase classname="in.biencaps.erp.api.testcases.EmployeeFolderAPITestCases" name="verify_Add_Employee_With_Authorization">
    <skipped/>
  </testcase> <!-- verify_Add_Employee_With_Authorization -->
  <testcase classname="in.biencaps.erp.api.testcases.EmployeeFolderAPITestCases" name="verify_Update_Password_With_Authorization">
    <skipped/>
  </testcase> <!-- verify_Update_Password_With_Authorization -->
  <testcase classname="in.biencaps.erp.api.testcases.EmployeeFolderAPITestCases" name="verify_Add_Forgot_Password_With_Authorization">
    <skipped/>
  </testcase> <!-- verify_Add_Forgot_Password_With_Authorization -->
</testsuite> <!-- in.biencaps.erp.api.testcases.EmployeeFolderAPITestCases -->
