<?xml version="1.0" encoding="UTF-8"?>
<!-- Generated by org.testng.reporters.JUnitReportReporter -->
<testsuite hostname="DESKTOP-BG83L86" failures="0" tests="4" name="in.biencaps.erp.api.testcases.LoginEmployeeAPITestCases" time="6.577" errors="0" timestamp="2024-05-28T10:34:35 IST" skipped="0">
  <testcase classname="in.biencaps.erp.api.testcases.LoginEmployeeAPITestCases" name="verify_Login_Employee" time="1.233"/>
  <testcase classname="in.biencaps.erp.api.testcases.LoginEmployeeAPITestCases" name="verify_Login_Employee" time="0.626"/>
  <testcase classname="in.biencaps.erp.api.testcases.LoginEmployeeAPITestCases" name="verify_Login_Employee" time="2.824"/>
  <testcase classname="in.biencaps.erp.api.testcases.LoginEmployeeAPITestCases" name="verify_Login_Employee" time="1.894"/>
</testsuite> <!-- in.biencaps.erp.api.testcases.LoginEmployeeAPITestCases -->
