<?xml version="1.0" encoding="UTF-8"?>
<!-- Generated by org.testng.reporters.JUnitReportReporter -->
<testsuite hostname="DESKTOP-BG83L86" failures="0" tests="47" name="in.biencaps.erp.api.testcases.EmployeeFolderAPITestCases" time="23.553" errors="0" timestamp="2024-05-27T16:56:41 IST" skipped="5">
  <testcase classname="in.biencaps.erp.api.testcases.EmployeeFolderAPITestCases" name="verify_Add_Employee_Without_Authorization" time="0.536"/>
  <testcase classname="in.biencaps.erp.api.testcases.EmployeeFolderAPITestCases" name="verify_Get_Single_Employee_Without_Authorization" time="0.922"/>
  <testcase classname="in.biencaps.erp.api.testcases.EmployeeFolderAPITestCases" name="verify_Get_UserId_Without_Authorization" time="0.416"/>
  <testcase classname="in.biencaps.erp.api.testcases.EmployeeFolderAPITestCases" name="verify_Get_All_Reporting_Authorities_Without_Authorization" time="0.412"/>
  <testcase classname="in.biencaps.erp.api.testcases.EmployeeFolderAPITestCases" name="verify_Get_All_Assignees_Without_Authorization" time="0.396"/>
  <testcase classname="in.biencaps.erp.api.testcases.EmployeeFolderAPITestCases" name="verify_Get_All_Employees_Without_Authorization" time="0.348"/>
  <testcase classname="in.biencaps.erp.api.testcases.EmployeeFolderAPITestCases" name="verify_Get_All_Active_Users_Info_Without_Authorization" time="0.365"/>
  <testcase classname="in.biencaps.erp.api.testcases.EmployeeFolderAPITestCases" name="verify_Get_All_Employees_Ids_And_Names_Without_Authorization" time="0.366"/>
  <testcase classname="in.biencaps.erp.api.testcases.EmployeeFolderAPITestCases" name="verify_Get_Assigned_Task_Info_By_Role_Without_Authorization" time="0.387"/>
  <testcase classname="in.biencaps.erp.api.testcases.EmployeeFolderAPITestCases" name="verify_Get_Search_Employee_In_Level_Without_Authorization" time="0.362"/>
  <testcase classname="in.biencaps.erp.api.testcases.EmployeeFolderAPITestCases" name="verify_Add_Token_For_Web_Without_Authorization" time="0.392"/>
  <testcase classname="in.biencaps.erp.api.testcases.EmployeeFolderAPITestCases" name="verify_Add_Token_For_Mobile_Without_Authorization" time="0.390"/>
  <testcase classname="in.biencaps.erp.api.testcases.EmployeeFolderAPITestCases" name="verify_Update_Employee_Without_Authorization" time="0.571"/>
  <testcase classname="in.biencaps.erp.api.testcases.EmployeeFolderAPITestCases" name="verify_Update_Password_Without_Authorization" time="0.378"/>
  <testcase classname="in.biencaps.erp.api.testcases.EmployeeFolderAPITestCases" name="verify_Get_Task_Owners_Without_Authorization" time="0.524"/>
  <testcase classname="in.biencaps.erp.api.testcases.EmployeeFolderAPITestCases" name="verify_Get_All_Employee_With_Authorization" time="1.158"/>
  <testcase classname="in.biencaps.erp.api.testcases.EmployeeFolderAPITestCases" name="verify_Get_Single_Employee_With_Authorization" time="0.928"/>
  <testcase classname="in.biencaps.erp.api.testcases.EmployeeFolderAPITestCases" name="verify_Get_Single_Employee_By_Giving_Invalid_UserId" time="0.589"/>
  <testcase classname="in.biencaps.erp.api.testcases.EmployeeFolderAPITestCases" name="verify_Get_Task_Owners_With_Authorization" time="0.820"/>
  <testcase classname="in.biencaps.erp.api.testcases.EmployeeFolderAPITestCases" name="verify_Get_User_Id_With_Authorization" time="1.001"/>
  <testcase classname="in.biencaps.erp.api.testcases.EmployeeFolderAPITestCases" name="verify_Get_All_Employee_Id_And_Names_With_Authorization" time="0.767"/>
  <testcase classname="in.biencaps.erp.api.testcases.EmployeeFolderAPITestCases" name="verify_Get_Reporting_Authority_With_Authorization" time="0.892"/>
  <testcase classname="in.biencaps.erp.api.testcases.EmployeeFolderAPITestCases" name="verify_Get_Reporting_Authority_By_Giving_Invalid_Department" time="0.836"/>
  <testcase classname="in.biencaps.erp.api.testcases.EmployeeFolderAPITestCases" name="verify_Get_All_Assignee_With_Authorization_By_Giving_Valid_Role_Level" time="1.003"/>
  <testcase classname="in.biencaps.erp.api.testcases.EmployeeFolderAPITestCases" name="verify_Get_Assigned_Task_Info_By_Role_With_Authorization" time="0.387"/>
  <testcase classname="in.biencaps.erp.api.testcases.EmployeeFolderAPITestCases" name="verify_Get_Assigned_Task_Info_By_Role_With_Authorization" time="0.633"/>
  <testcase classname="in.biencaps.erp.api.testcases.EmployeeFolderAPITestCases" name="verify_Get_Assigned_Task_Info_By_Role_With_Authorization" time="0.518"/>
  <testcase classname="in.biencaps.erp.api.testcases.EmployeeFolderAPITestCases" name="verify_Get_Assigned_Task_Info_By_Role_With_Authorization" time="0.862"/>
  <testcase classname="in.biencaps.erp.api.testcases.EmployeeFolderAPITestCases" name="verify_Get_Encrypted_Email_With_Authorization" time="0.368"/>
  <testcase classname="in.biencaps.erp.api.testcases.EmployeeFolderAPITestCases" name="verify_Get_Encrypted_Email_With_Authorization" time="1.120"/>
  <testcase classname="in.biencaps.erp.api.testcases.EmployeeFolderAPITestCases" name="verify_Get_Search_Employee_In_Level_With_Authorization" time="0.393"/>
  <testcase classname="in.biencaps.erp.api.testcases.EmployeeFolderAPITestCases" name="verify_Get_Search_Employee_In_Level_With_Authorization" time="0.415"/>
  <testcase classname="in.biencaps.erp.api.testcases.EmployeeFolderAPITestCases" name="verify_Get_Search_Employee_In_Level_With_Authorization" time="0.325"/>
  <testcase classname="in.biencaps.erp.api.testcases.EmployeeFolderAPITestCases" name="verify_Get_Search_Employee_In_Level_With_Authorization" time="0.333"/>
  <testcase classname="in.biencaps.erp.api.testcases.EmployeeFolderAPITestCases" name="verify_Get_Search_Employee_In_Level_With_Authorization" time="0.360"/>
  <testcase classname="in.biencaps.erp.api.testcases.EmployeeFolderAPITestCases" name="verify_Get_Search_Employee_In_Level_With_Authorization" time="0.315"/>
  <testcase classname="in.biencaps.erp.api.testcases.EmployeeFolderAPITestCases" name="verify_Add_Token_For_Web_With_Authorization" time="0.494"/>
  <testcase classname="in.biencaps.erp.api.testcases.EmployeeFolderAPITestCases" name="verify_Add_Token_For_Web_With_Authorization" time="0.435"/>
  <testcase classname="in.biencaps.erp.api.testcases.EmployeeFolderAPITestCases" name="verify_Add_Token_For_Web_With_Authorization" time="0.510"/>
  <testcase classname="in.biencaps.erp.api.testcases.EmployeeFolderAPITestCases" name="verify_Add_Token_For_Mobile_With_Authorization" time="0.366"/>
  <testcase classname="in.biencaps.erp.api.testcases.EmployeeFolderAPITestCases" name="verify_Add_Token_For_Mobile_With_Authorization" time="0.462"/>
  <testcase classname="in.biencaps.erp.api.testcases.EmployeeFolderAPITestCases" name="verify_Add_Token_For_Mobile_With_Authorization" time="0.498"/>
  <testcase classname="in.biencaps.erp.api.testcases.EmployeeFolderAPITestCases" name="verify_Get_All_Active_Users_Info_With_Authorization">
    <skipped/>
  </testcase> <!-- verify_Get_All_Active_Users_Info_With_Authorization -->
  <testcase classname="in.biencaps.erp.api.testcases.EmployeeFolderAPITestCases" name="verify_Update_Employee_With_Authorization">
    <skipped/>
  </testcase> <!-- verify_Update_Employee_With_Authorization -->
  <testcase classname="in.biencaps.erp.api.testcases.EmployeeFolderAPITestCases" name="verify_Add_Employee_With_Authorization">
    <skipped/>
  </testcase> <!-- verify_Add_Employee_With_Authorization -->
  <testcase classname="in.biencaps.erp.api.testcases.EmployeeFolderAPITestCases" name="verify_Update_Password_With_Authorization">
    <skipped/>
  </testcase> <!-- verify_Update_Password_With_Authorization -->
  <testcase classname="in.biencaps.erp.api.testcases.EmployeeFolderAPITestCases" name="verify_Add_Forgot_Password_With_Authorization">
    <skipped/>
  </testcase> <!-- verify_Add_Forgot_Password_With_Authorization -->
</testsuite> <!-- in.biencaps.erp.api.testcases.EmployeeFolderAPITestCases -->
