<?xml version="1.0" encoding="UTF-8"?>
<!-- Generated by org.testng.reporters.JUnitReportReporter -->
<testsuite hostname="DESKTOP-BG83L86" failures="0" tests="4" name="in.biencaps.erp.api.testcases.LoginEmployeeAPITestCases" time="5.363" errors="0" timestamp="2024-05-28T10:53:25 IST" skipped="0">
  <testcase classname="in.biencaps.erp.api.testcases.LoginEmployeeAPITestCases" name="verify_Login_Employee" time="1.083"/>
  <testcase classname="in.biencaps.erp.api.testcases.LoginEmployeeAPITestCases" name="verify_Login_Employee" time="1.121"/>
  <testcase classname="in.biencaps.erp.api.testcases.LoginEmployeeAPITestCases" name="verify_Login_Employee" time="0.493"/>
  <testcase classname="in.biencaps.erp.api.testcases.LoginEmployeeAPITestCases" name="verify_Login_Employee" time="2.666"/>
</testsuite> <!-- in.biencaps.erp.api.testcases.LoginEmployeeAPITestCases -->
