<?xml version="1.0" encoding="UTF-8"?>
<!-- Generated by org.testng.reporters.JUnitReportReporter -->
<testsuite hostname="DESKTOP-BG83L86" failures="0" tests="8" name="in.biencaps.erp.api.testcases.VerificationFolderAPITestCases" time="2.506" errors="0" timestamp="2024-05-27T16:56:41 IST" skipped="3">
  <testcase classname="in.biencaps.erp.api.testcases.VerificationFolderAPITestCases" name="verify_Add_Verification_Without_Authorization" time="0.425"/>
  <testcase classname="in.biencaps.erp.api.testcases.VerificationFolderAPITestCases" name="verify_Get_All_Verificationes_Without_Authorization" time="0.369"/>
  <testcase classname="in.biencaps.erp.api.testcases.VerificationFolderAPITestCases" name="verify_Update_Verification_Without_Authorization" time="0.742"/>
  <testcase classname="in.biencaps.erp.api.testcases.VerificationFolderAPITestCases" name="verify_Delete_Verification_Without_Authorization" time="0.355"/>
  <testcase classname="in.biencaps.erp.api.testcases.VerificationFolderAPITestCases" name="verify_Get_All_Verificationes_With_Authorization" time="0.615"/>
  <testcase classname="in.biencaps.erp.api.testcases.VerificationFolderAPITestCases" name="verify_Update_Verification_With_Authorization">
    <skipped/>
  </testcase> <!-- verify_Update_Verification_With_Authorization -->
  <testcase classname="in.biencaps.erp.api.testcases.VerificationFolderAPITestCases" name="verify_Add_Verification_With_Authorization">
    <skipped/>
  </testcase> <!-- verify_Add_Verification_With_Authorization -->
  <testcase classname="in.biencaps.erp.api.testcases.VerificationFolderAPITestCases" name="verify_Delete_Single_Verification_With_Authorization">
    <skipped/>
  </testcase> <!-- verify_Delete_Single_Verification_With_Authorization -->
</testsuite> <!-- in.biencaps.erp.api.testcases.VerificationFolderAPITestCases -->
