<?xml version="1.0" encoding="UTF-8"?>
<!-- Generated by org.testng.reporters.JUnitReportReporter -->
<testsuite hostname="DESKTOP-BG83L86" failures="0" tests="15" name="in.biencaps.erp.api.testcases.DesignationFolderAPITestCases" time="17.924" errors="0" timestamp="2024-05-28T17:58:53 IST" skipped="3">
  <testcase classname="in.biencaps.erp.api.testcases.DesignationFolderAPITestCases" name="verify_Add_Designation_Without_Authorization" time="0.713"/>
  <testcase classname="in.biencaps.erp.api.testcases.DesignationFolderAPITestCases" name="verify_Get_All_Designation_By_Department_Without_Authorization" time="0.716"/>
  <testcase classname="in.biencaps.erp.api.testcases.DesignationFolderAPITestCases" name="verify_Get_All_Designation_Without_Authorization" time="0.792"/>
  <testcase classname="in.biencaps.erp.api.testcases.DesignationFolderAPITestCases" name="verify_Update_Designation_Without_Authorization" time="1.487"/>
  <testcase classname="in.biencaps.erp.api.testcases.DesignationFolderAPITestCases" name="verify_Delete_Designation_Without_Authorization" time="0.680"/>
  <testcase classname="in.biencaps.erp.api.testcases.DesignationFolderAPITestCases" name="verify_Get_All_Designation_With_Authorization" time="0.849"/>
  <testcase classname="in.biencaps.erp.api.testcases.DesignationFolderAPITestCases" name="verify_Add_Designation_With_Employee_Authorization" time="2.319"/>
  <testcase classname="in.biencaps.erp.api.testcases.DesignationFolderAPITestCases" name="verify_Update_Designation_With_Employee_Authorization" time="4.382"/>
  <testcase classname="in.biencaps.erp.api.testcases.DesignationFolderAPITestCases" name="verify_Delete_Designation_With_Employee_Authorization" time="2.546"/>
  <testcase classname="in.biencaps.erp.api.testcases.DesignationFolderAPITestCases" name="verify_Delete_Designation_With_Admin_Authorization" time="1.066"/>
  <testcase classname="in.biencaps.erp.api.testcases.DesignationFolderAPITestCases" name="verify_Delete_Designation_With_Admin_Authorization" time="1.316"/>
  <testcase classname="in.biencaps.erp.api.testcases.DesignationFolderAPITestCases" name="verify_Delete_Designation_With_Admin_Authorization" time="1.058"/>
  <testcase classname="in.biencaps.erp.api.testcases.DesignationFolderAPITestCases" name="verify_Add_Designation_With_Admin_Authorization">
    <skipped/>
  </testcase> <!-- verify_Add_Designation_With_Admin_Authorization -->
  <testcase classname="in.biencaps.erp.api.testcases.DesignationFolderAPITestCases" name="verify_Get_All_Designation_By_Department_With_Admin_Authorization">
    <skipped/>
  </testcase> <!-- verify_Get_All_Designation_By_Department_With_Admin_Authorization -->
  <testcase classname="in.biencaps.erp.api.testcases.DesignationFolderAPITestCases" name="verify_Update_Designation_With_Admin_Authorization">
    <skipped/>
  </testcase> <!-- verify_Update_Designation_With_Admin_Authorization -->
</testsuite> <!-- in.biencaps.erp.api.testcases.DesignationFolderAPITestCases -->
