<?xml version="1.0" encoding="UTF-8"?>
<!-- Generated by org.testng.reporters.JUnitReportReporter -->
<testsuite hostname="DESKTOP-BG83L86" failures="1" tests="25" name="in.biencaps.erp.api.testcases.ProjectFolderAPITestCases" time="15.993" errors="0" timestamp="2024-05-30T17:47:58 IST" skipped="4">
  <testcase classname="in.biencaps.erp.api.testcases.ProjectFolderAPITestCases" name="verify_Add_Project_Without_Authorization" time="0.675"/>
  <testcase classname="in.biencaps.erp.api.testcases.ProjectFolderAPITestCases" name="verify_Get_All_Projects_Without_Authorization" time="0.552"/>
  <testcase classname="in.biencaps.erp.api.testcases.ProjectFolderAPITestCases" name="verify_Get_All_Projects_For_An_User_Id_Without_Authorization" time="0.671"/>
  <testcase classname="in.biencaps.erp.api.testcases.ProjectFolderAPITestCases" name="verify_Get_All_Projects_Assignee_Without_Authorization" time="0.611"/>
  <testcase classname="in.biencaps.erp.api.testcases.ProjectFolderAPITestCases" name="verify_Get_All_Project_Managers_Without_Authorization" time="0.613"/>
  <testcase classname="in.biencaps.erp.api.testcases.ProjectFolderAPITestCases" name="verify_Get_All_Project_Status_Without_Authorization" time="0.615"/>
  <testcase classname="in.biencaps.erp.api.testcases.ProjectFolderAPITestCases" name="verify_Get_All_Project_By_Department_Without_Authorization" time="0.613"/>
  <testcase classname="in.biencaps.erp.api.testcases.ProjectFolderAPITestCases" name="verify_Get_Single_Project_By_Project_Id_Without_Authorization" time="0.614"/>
  <testcase classname="in.biencaps.erp.api.testcases.ProjectFolderAPITestCases" name="verify_Get_All_Tasks_For_Project_Without_Authorization" time="0.611"/>
  <testcase classname="in.biencaps.erp.api.testcases.ProjectFolderAPITestCases" name="verify_Get_All_Projects_With_Authorization" time="2.068"/>
  <testcase classname="in.biencaps.erp.api.testcases.ProjectFolderAPITestCases" name="verify_Get_All_Tasks_For_Project_Search_Without_Authorization" time="0.600"/>
  <testcase classname="in.biencaps.erp.api.testcases.ProjectFolderAPITestCases" name="verify_Update_Project_Without_Authorization" time="0.604"/>
  <testcase classname="in.biencaps.erp.api.testcases.ProjectFolderAPITestCases" name="verify_Get_All_Projects_For_An_User_Id_With_Authorization" time="1.207"/>
  <testcase classname="in.biencaps.erp.api.testcases.ProjectFolderAPITestCases" name="verify_Get_All_Projects_For_An_User_Id_With_Authorization" time="0.633"/>
  <testcase classname="in.biencaps.erp.api.testcases.ProjectFolderAPITestCases" name="verify_Delete_Project_Without_Authorization" time="0.614"/>
  <testcase classname="in.biencaps.erp.api.testcases.ProjectFolderAPITestCases" name="verify_Get_All_Project_Managers_WithAuthorization" time="0.987"/>
  <testcase classname="in.biencaps.erp.api.testcases.ProjectFolderAPITestCases" name="verify_Get_All_Project_Status_With_Authorization" time="0.581"/>
  <testcase classname="in.biencaps.erp.api.testcases.ProjectFolderAPITestCases" name="verify_Get_All_Project_By_Department_With_Authorization" time="0.987">
    <failure message="expected [true] but found [false]" type="java.lang.AssertionError">
      <![CDATA[java.lang.AssertionError: expected [true] but found [false]
at org.testng.Assert.fail(Assert.java:111)
at org.testng.Assert.failNotEquals(Assert.java:1578)
at org.testng.Assert.assertTrue(Assert.java:57)
at org.testng.Assert.assertTrue(Assert.java:67)
at in.biencaps.erp.api.testcases.ProjectFolderAPITestCases.verify_Get_All_Project_By_Department_With_Authorization(ProjectFolderAPITestCases.java:245)
at java.base/jdk.internal.reflect.NativeMethodAccessorImpl.invoke0(Native Method)
at java.base/jdk.internal.reflect.NativeMethodAccessorImpl.invoke(NativeMethodAccessorImpl.java:77)
at java.base/jdk.internal.reflect.DelegatingMethodAccessorImpl.invoke(DelegatingMethodAccessorImpl.java:43)
at java.base/java.lang.reflect.Method.invoke(Method.java:568)
at org.testng.internal.invokers.MethodInvocationHelper.invokeMethod(MethodInvocationHelper.java:139)
at org.testng.internal.invokers.TestInvoker.invokeMethod(TestInvoker.java:664)
at org.testng.internal.invokers.TestInvoker.invokeTestMethod(TestInvoker.java:228)
at org.testng.internal.invokers.MethodRunner.runInSequence(MethodRunner.java:63)
at org.testng.internal.invokers.TestInvoker$MethodInvocationAgent.invoke(TestInvoker.java:961)
at org.testng.internal.invokers.TestInvoker.invokeTestMethods(TestInvoker.java:201)
at org.testng.internal.invokers.TestMethodWorker.invokeTestMethods(TestMethodWorker.java:148)
at org.testng.internal.invokers.TestMethodWorker.run(TestMethodWorker.java:128)
at java.base/java.util.ArrayList.forEach(ArrayList.java:1511)
at org.testng.TestRunner.privateRun(TestRunner.java:819)
at org.testng.TestRunner.run(TestRunner.java:619)
at org.testng.SuiteRunner.runTest(SuiteRunner.java:443)
at org.testng.SuiteRunner.runSequentially(SuiteRunner.java:437)
at org.testng.SuiteRunner.privateRun(SuiteRunner.java:397)
at org.testng.SuiteRunner.run(SuiteRunner.java:336)
at org.testng.SuiteRunnerWorker.runSuite(SuiteRunnerWorker.java:52)
at org.testng.SuiteRunnerWorker.run(SuiteRunnerWorker.java:95)
at org.testng.TestNG.runSuitesSequentially(TestNG.java:1301)
at org.testng.TestNG.runSuitesLocally(TestNG.java:1228)
at org.testng.TestNG.runSuites(TestNG.java:1134)
at org.testng.TestNG.run(TestNG.java:1101)
at org.testng.remote.AbstractRemoteTestNG.run(AbstractRemoteTestNG.java:115)
at org.testng.remote.RemoteTestNG.initAndRun(RemoteTestNG.java:251)
at org.testng.remote.RemoteTestNG.main(RemoteTestNG.java:77)
]]>
    </failure>
  </testcase> <!-- verify_Get_All_Project_By_Department_With_Authorization -->
  <testcase classname="in.biencaps.erp.api.testcases.ProjectFolderAPITestCases" name="verify_Get_All_Project_By_Department_With_Authorization" time="0.595"/>
  <testcase classname="in.biencaps.erp.api.testcases.ProjectFolderAPITestCases" name="verify_Get_All_Tasks_For_Project_With_Authorization" time="0.716"/>
  <testcase classname="in.biencaps.erp.api.testcases.ProjectFolderAPITestCases" name="verify_Get_All_Tasks_For_Project_With_Authorization" time="0.826"/>
  <testcase classname="in.biencaps.erp.api.testcases.ProjectFolderAPITestCases" name="verify_Delete_Project_With_Authorization">
    <skipped/>
  </testcase> <!-- verify_Delete_Project_With_Authorization -->
  <testcase classname="in.biencaps.erp.api.testcases.ProjectFolderAPITestCases" name="verify_Add_Project_With_Authorization">
    <skipped/>
  </testcase> <!-- verify_Add_Project_With_Authorization -->
  <testcase classname="in.biencaps.erp.api.testcases.ProjectFolderAPITestCases" name="verify_Update_Project_With_Authorization">
    <skipped/>
  </testcase> <!-- verify_Update_Project_With_Authorization -->
  <testcase classname="in.biencaps.erp.api.testcases.ProjectFolderAPITestCases" name="verify_Get_All_Projects_Assignee_With_Authorization">
    <skipped/>
  </testcase> <!-- verify_Get_All_Projects_Assignee_With_Authorization -->
</testsuite> <!-- in.biencaps.erp.api.testcases.ProjectFolderAPITestCases -->
