<?xml version="1.0" encoding="UTF-8"?>
<!-- Generated by org.testng.reporters.JUnitReportReporter -->
<testsuite hostname="DESKTOP-BG83L86" failures="0" tests="3" name="in.task_erp_api.testcases.LoginEmployeeAPITestCases" time="6.098" errors="0" timestamp="2024-05-23T18:01:42 IST" skipped="0">
  <testcase classname="in.task_erp_api.testcases.LoginEmployeeAPITestCases" name="verify_Login_Employee_By_Giving_Valid_Data" time="4.283"/>
  <testcase classname="in.task_erp_api.testcases.LoginEmployeeAPITestCases" name="verify_Login_Employee_By_Giving_Invalid_LoginId" time="0.764"/>
  <testcase classname="in.task_erp_api.testcases.LoginEmployeeAPITestCases" name="verify_Login_Employee_By_Giving_Invalid_Password" time="1.051"/>
</testsuite> <!-- in.task_erp_api.testcases.LoginEmployeeAPITestCases -->
