<?xml version="1.0" encoding="UTF-8"?>
<!-- Generated by org.testng.reporters.JUnitReportReporter -->
<testsuite hostname="DESKTOP-BG83L86" failures="0" tests="47" name="in.biencaps.erp.api.testcases.EmployeeFolderAPITestCases" time="22.325" errors="0" timestamp="2024-05-27T14:59:06 IST" skipped="5">
  <testcase classname="in.biencaps.erp.api.testcases.EmployeeFolderAPITestCases" name="verify_Add_Employee_Without_Authorization" time="0.409"/>
  <testcase classname="in.biencaps.erp.api.testcases.EmployeeFolderAPITestCases" name="verify_Get_Single_Employee_Without_Authorization" time="0.340"/>
  <testcase classname="in.biencaps.erp.api.testcases.EmployeeFolderAPITestCases" name="verify_Get_UserId_Without_Authorization" time="0.366"/>
  <testcase classname="in.biencaps.erp.api.testcases.EmployeeFolderAPITestCases" name="verify_Get_All_Reporting_Authorities_Without_Authorization" time="0.359"/>
  <testcase classname="in.biencaps.erp.api.testcases.EmployeeFolderAPITestCases" name="verify_Get_All_Assignees_Without_Authorization" time="0.398"/>
  <testcase classname="in.biencaps.erp.api.testcases.EmployeeFolderAPITestCases" name="verify_Get_All_Employees_Without_Authorization" time="0.354"/>
  <testcase classname="in.biencaps.erp.api.testcases.EmployeeFolderAPITestCases" name="verify_Get_All_Active_Users_Info_Without_Authorization" time="0.366"/>
  <testcase classname="in.biencaps.erp.api.testcases.EmployeeFolderAPITestCases" name="verify_Get_All_Employees_Ids_And_Names_Without_Authorization" time="0.350"/>
  <testcase classname="in.biencaps.erp.api.testcases.EmployeeFolderAPITestCases" name="verify_Get_Assigned_Task_Info_By_Role_Without_Authorization" time="0.360"/>
  <testcase classname="in.biencaps.erp.api.testcases.EmployeeFolderAPITestCases" name="verify_Get_Search_Employee_In_Level_Without_Authorization" time="0.398"/>
  <testcase classname="in.biencaps.erp.api.testcases.EmployeeFolderAPITestCases" name="verify_Add_Token_For_Web_Without_Authorization" time="0.359"/>
  <testcase classname="in.biencaps.erp.api.testcases.EmployeeFolderAPITestCases" name="verify_Add_Token_For_Mobile_Without_Authorization" time="0.355"/>
  <testcase classname="in.biencaps.erp.api.testcases.EmployeeFolderAPITestCases" name="verify_Update_Employee_Without_Authorization" time="0.361"/>
  <testcase classname="in.biencaps.erp.api.testcases.EmployeeFolderAPITestCases" name="verify_Update_Password_Without_Authorization" time="0.368"/>
  <testcase classname="in.biencaps.erp.api.testcases.EmployeeFolderAPITestCases" name="verify_Get_Task_Owners_Without_Authorization" time="0.355"/>
  <testcase classname="in.biencaps.erp.api.testcases.EmployeeFolderAPITestCases" name="verify_Get_All_Employee_With_Authorization" time="1.213"/>
  <testcase classname="in.biencaps.erp.api.testcases.EmployeeFolderAPITestCases" name="verify_Get_Single_Employee_With_Authorization" time="0.765"/>
  <testcase classname="in.biencaps.erp.api.testcases.EmployeeFolderAPITestCases" name="verify_Get_Single_Employee_By_Giving_Invalid_UserId" time="0.375"/>
  <testcase classname="in.biencaps.erp.api.testcases.EmployeeFolderAPITestCases" name="verify_Get_Task_Owners_With_Authorization" time="0.966"/>
  <testcase classname="in.biencaps.erp.api.testcases.EmployeeFolderAPITestCases" name="verify_Get_User_Id_With_Authorization" time="1.037"/>
  <testcase classname="in.biencaps.erp.api.testcases.EmployeeFolderAPITestCases" name="verify_Get_All_Employee_Id_And_Names_With_Authorization" time="1.440"/>
  <testcase classname="in.biencaps.erp.api.testcases.EmployeeFolderAPITestCases" name="verify_Get_Reporting_Authority_With_Authorization" time="1.113"/>
  <testcase classname="in.biencaps.erp.api.testcases.EmployeeFolderAPITestCases" name="verify_Get_Reporting_Authority_By_Giving_Invalid_Department" time="0.849"/>
  <testcase classname="in.biencaps.erp.api.testcases.EmployeeFolderAPITestCases" name="verify_Get_All_Assignee_With_Authorization_By_Giving_Valid_Role_Level" time="1.107"/>
  <testcase classname="in.biencaps.erp.api.testcases.EmployeeFolderAPITestCases" name="verify_Get_Assigned_Task_Info_By_Role_With_Authorization" time="1.211"/>
  <testcase classname="in.biencaps.erp.api.testcases.EmployeeFolderAPITestCases" name="verify_Get_Assigned_Task_Info_By_Role_With_Authorization" time="0.332"/>
  <testcase classname="in.biencaps.erp.api.testcases.EmployeeFolderAPITestCases" name="verify_Get_Assigned_Task_Info_By_Role_With_Authorization" time="0.362"/>
  <testcase classname="in.biencaps.erp.api.testcases.EmployeeFolderAPITestCases" name="verify_Get_Assigned_Task_Info_By_Role_With_Authorization" time="0.350"/>
  <testcase classname="in.biencaps.erp.api.testcases.EmployeeFolderAPITestCases" name="verify_Get_Encrypted_Email_With_Authorization" time="1.022"/>
  <testcase classname="in.biencaps.erp.api.testcases.EmployeeFolderAPITestCases" name="verify_Get_Encrypted_Email_With_Authorization" time="0.401"/>
  <testcase classname="in.biencaps.erp.api.testcases.EmployeeFolderAPITestCases" name="verify_Get_Search_Employee_In_Level_With_Authorization" time="0.360"/>
  <testcase classname="in.biencaps.erp.api.testcases.EmployeeFolderAPITestCases" name="verify_Get_Search_Employee_In_Level_With_Authorization" time="0.368"/>
  <testcase classname="in.biencaps.erp.api.testcases.EmployeeFolderAPITestCases" name="verify_Get_Search_Employee_In_Level_With_Authorization" time="0.381"/>
  <testcase classname="in.biencaps.erp.api.testcases.EmployeeFolderAPITestCases" name="verify_Get_Search_Employee_In_Level_With_Authorization" time="0.343"/>
  <testcase classname="in.biencaps.erp.api.testcases.EmployeeFolderAPITestCases" name="verify_Get_Search_Employee_In_Level_With_Authorization" time="0.363"/>
  <testcase classname="in.biencaps.erp.api.testcases.EmployeeFolderAPITestCases" name="verify_Get_Search_Employee_In_Level_With_Authorization" time="0.360"/>
  <testcase classname="in.biencaps.erp.api.testcases.EmployeeFolderAPITestCases" name="verify_Add_Token_For_Web_With_Authorization" time="0.346"/>
  <testcase classname="in.biencaps.erp.api.testcases.EmployeeFolderAPITestCases" name="verify_Add_Token_For_Web_With_Authorization" time="0.371"/>
  <testcase classname="in.biencaps.erp.api.testcases.EmployeeFolderAPITestCases" name="verify_Add_Token_For_Web_With_Authorization" time="0.352"/>
  <testcase classname="in.biencaps.erp.api.testcases.EmployeeFolderAPITestCases" name="verify_Add_Token_For_Mobile_With_Authorization" time="0.330"/>
  <testcase classname="in.biencaps.erp.api.testcases.EmployeeFolderAPITestCases" name="verify_Add_Token_For_Mobile_With_Authorization" time="0.353"/>
  <testcase classname="in.biencaps.erp.api.testcases.EmployeeFolderAPITestCases" name="verify_Add_Token_For_Mobile_With_Authorization" time="0.357"/>
  <testcase classname="in.biencaps.erp.api.testcases.EmployeeFolderAPITestCases" name="verify_Get_All_Active_Users_Info_With_Authorization">
    <skipped/>
  </testcase> <!-- verify_Get_All_Active_Users_Info_With_Authorization -->
  <testcase classname="in.biencaps.erp.api.testcases.EmployeeFolderAPITestCases" name="verify_Update_Employee_With_Authorization">
    <skipped/>
  </testcase> <!-- verify_Update_Employee_With_Authorization -->
  <testcase classname="in.biencaps.erp.api.testcases.EmployeeFolderAPITestCases" name="verify_Add_Employee_With_Authorization">
    <skipped/>
  </testcase> <!-- verify_Add_Employee_With_Authorization -->
  <testcase classname="in.biencaps.erp.api.testcases.EmployeeFolderAPITestCases" name="verify_Update_Password_With_Authorization">
    <skipped/>
  </testcase> <!-- verify_Update_Password_With_Authorization -->
  <testcase classname="in.biencaps.erp.api.testcases.EmployeeFolderAPITestCases" name="verify_Add_Forgot_Password_With_Authorization">
    <skipped/>
  </testcase> <!-- verify_Add_Forgot_Password_With_Authorization -->
</testsuite> <!-- in.biencaps.erp.api.testcases.EmployeeFolderAPITestCases -->
