<?xml version="1.0" encoding="UTF-8"?>
<!-- Generated by org.testng.reporters.JUnitReportReporter -->
<testsuite hostname="DESKTOP-BG83L86" failures="0" tests="21" name="in.biencaps.erp.api.testcases.DepartmentFolderAPITestCases" time="12.327" errors="0" timestamp="2024-05-27T14:59:06 IST" skipped="3">
  <testcase classname="in.biencaps.erp.api.testcases.DepartmentFolderAPITestCases" name="verify_Add_Department_Without_Authorization" time="0.401"/>
  <testcase classname="in.biencaps.erp.api.testcases.DepartmentFolderAPITestCases" name="verify_Get_User_Id_Without_Authorization" time="0.294"/>
  <testcase classname="in.biencaps.erp.api.testcases.DepartmentFolderAPITestCases" name="verify_Get_All_Departments_Without_Authorization" time="0.378"/>
  <testcase classname="in.biencaps.erp.api.testcases.DepartmentFolderAPITestCases" name="verify_Get_Employees_By_Department_Name_Without_Authorization" time="0.358"/>
  <testcase classname="in.biencaps.erp.api.testcases.DepartmentFolderAPITestCases" name="verify_Get_All_Employees_By_Designation_Name_Without_Authorization" time="0.367"/>
  <testcase classname="in.biencaps.erp.api.testcases.DepartmentFolderAPITestCases" name="verify_Get_All_Assignee_Without_Authorization" time="0.354"/>
  <testcase classname="in.biencaps.erp.api.testcases.DepartmentFolderAPITestCases" name="verify_Get_Higher_Authority_Without_Authorization" time="0.370"/>
  <testcase classname="in.biencaps.erp.api.testcases.DepartmentFolderAPITestCases" name="verify_Update_Department_Without_Authorization" time="0.718"/>
  <testcase classname="in.biencaps.erp.api.testcases.DepartmentFolderAPITestCases" name="verify_Delete_Department_Without_Authorization" time="0.346"/>
  <testcase classname="in.biencaps.erp.api.testcases.DepartmentFolderAPITestCases" name="verify_Get_All_Departments_With_Authorization" time="0.391"/>
  <testcase classname="in.biencaps.erp.api.testcases.DepartmentFolderAPITestCases" name="verify_Get_User_Id_With_Authorization" time="2.880"/>
  <testcase classname="in.biencaps.erp.api.testcases.DepartmentFolderAPITestCases" name="verify_Get_Employees_By_Department_Name_With_Authorization" time="0.797"/>
  <testcase classname="in.biencaps.erp.api.testcases.DepartmentFolderAPITestCases" name="verify_Get_Employees_By_Department_By_Giving_Invalid_Department" time="0.438"/>
  <testcase classname="in.biencaps.erp.api.testcases.DepartmentFolderAPITestCases" name="verify_Get_All_Employees_By_Designation_With_Authorization" time="0.999"/>
  <testcase classname="in.biencaps.erp.api.testcases.DepartmentFolderAPITestCases" name="verify_Get_All_Employees_By_Designation_By_Giving_Invalid_Designation" time="0.368"/>
  <testcase classname="in.biencaps.erp.api.testcases.DepartmentFolderAPITestCases" name="verify_Get_All_Assignee_With_Authorization_By_Giving_Valid_Role_Level" time="1.000"/>
  <testcase classname="in.biencaps.erp.api.testcases.DepartmentFolderAPITestCases" name="verify_Get_Higher_Authority_With_Authorization" time="1.179"/>
  <testcase classname="in.biencaps.erp.api.testcases.DepartmentFolderAPITestCases" name="verify_Get_Higher_Authority_By_Giving_Invalid_Department" time="0.689"/>
  <testcase classname="in.biencaps.erp.api.testcases.DepartmentFolderAPITestCases" name="verify_Add_Department_With_Authorization">
    <skipped/>
  </testcase> <!-- verify_Add_Department_With_Authorization -->
  <testcase classname="in.biencaps.erp.api.testcases.DepartmentFolderAPITestCases" name="verifyDeleteSingleDepartmentWithAuthorization">
    <skipped/>
  </testcase> <!-- verifyDeleteSingleDepartmentWithAuthorization -->
  <testcase classname="in.biencaps.erp.api.testcases.DepartmentFolderAPITestCases" name="verifyUpdateDepartmentWithAuthorization">
    <skipped/>
  </testcase> <!-- verifyUpdateDepartmentWithAuthorization -->
</testsuite> <!-- in.biencaps.erp.api.testcases.DepartmentFolderAPITestCases -->
