<?xml version="1.0" encoding="UTF-8"?>
<!-- Generated by org.testng.reporters.JUnitReportReporter -->
<testsuite hostname="DESKTOP-BG83L86" failures="0" tests="8" name="in.task_erp_api.testcases.StatusFolderAPITestCases" time="2.260" errors="0" timestamp="2024-05-27T14:44:35 IST" skipped="3">
  <testcase classname="in.task_erp_api.testcases.StatusFolderAPITestCases" name="verify_Add_Status_Without_Authorization" time="0.371"/>
  <testcase classname="in.task_erp_api.testcases.StatusFolderAPITestCases" name="verify_Get_All_Status_Without_Authorization" time="0.398"/>
  <testcase classname="in.task_erp_api.testcases.StatusFolderAPITestCases" name="verify_Update_Status_Without_Authorization" time="0.689"/>
  <testcase classname="in.task_erp_api.testcases.StatusFolderAPITestCases" name="verify_Delete_Status_Without_Authorization" time="0.358"/>
  <testcase classname="in.task_erp_api.testcases.StatusFolderAPITestCases" name="verify_Get_All_Status_With_Authorization" time="0.444"/>
  <testcase classname="in.task_erp_api.testcases.StatusFolderAPITestCases" name="verify_Update_Status_With_Authorization">
    <skipped/>
  </testcase> <!-- verify_Update_Status_With_Authorization -->
  <testcase classname="in.task_erp_api.testcases.StatusFolderAPITestCases" name="verify_Add_Status_With_Authorization">
    <skipped/>
  </testcase> <!-- verify_Add_Status_With_Authorization -->
  <testcase classname="in.task_erp_api.testcases.StatusFolderAPITestCases" name="verify_Delete_Single_Status_With_Authorization">
    <skipped/>
  </testcase> <!-- verify_Delete_Single_Status_With_Authorization -->
</testsuite> <!-- in.task_erp_api.testcases.StatusFolderAPITestCases -->
