<?xml version="1.0" encoding="UTF-8"?>
<!-- Generated by org.testng.reporters.JUnitReportReporter -->
<testsuite hostname="DESKTOP-BG83L86" failures="0" tests="8" name="in.task_erp_api.testcases.PriorityFolderAPITestCases" time="3.251" errors="0" timestamp="2024-05-24T14:44:14 IST" skipped="3">
  <testcase classname="in.task_erp_api.testcases.PriorityFolderAPITestCases" name="verify_Add_Priority_Without_Authorization" time="0.558"/>
  <testcase classname="in.task_erp_api.testcases.PriorityFolderAPITestCases" name="verify_Get_All_Priority_Without_Authorization" time="0.530"/>
  <testcase classname="in.task_erp_api.testcases.PriorityFolderAPITestCases" name="verify_Update_Priority_Without_Authorization" time="1.026"/>
  <testcase classname="in.task_erp_api.testcases.PriorityFolderAPITestCases" name="verify_Delete_Single_Priority_Without_Authorization" time="0.571"/>
  <testcase classname="in.task_erp_api.testcases.PriorityFolderAPITestCases" name="verify_Get_All_Priorities_With_Authorization" time="0.566"/>
  <testcase classname="in.task_erp_api.testcases.PriorityFolderAPITestCases" name="verify_Update_Priority_With_Authorization">
    <skipped/>
  </testcase> <!-- verify_Update_Priority_With_Authorization -->
  <testcase classname="in.task_erp_api.testcases.PriorityFolderAPITestCases" name="verify_Add_Priority_With_Authorization">
    <skipped/>
  </testcase> <!-- verify_Add_Priority_With_Authorization -->
  <testcase classname="in.task_erp_api.testcases.PriorityFolderAPITestCases" name="verify_Delete_Single_Priority_With_Authorization">
    <skipped/>
  </testcase> <!-- verify_Delete_Single_Priority_With_Authorization -->
</testsuite> <!-- in.task_erp_api.testcases.PriorityFolderAPITestCases -->
