<?xml version="1.0" encoding="UTF-8"?>
<!-- Generated by org.testng.reporters.JUnitReportReporter -->
<testsuite hostname="DESKTOP-BG83L86" failures="0" tests="8" name="in.biencaps.erp.api.testcases.PriorityFolderAPITestCases" time="2.806" errors="0" timestamp="2024-05-27T16:08:59 IST" skipped="3">
  <testcase classname="in.biencaps.erp.api.testcases.PriorityFolderAPITestCases" name="verify_Add_Priority_Without_Authorization" time="0.413"/>
  <testcase classname="in.biencaps.erp.api.testcases.PriorityFolderAPITestCases" name="verify_Get_All_Priority_Without_Authorization" time="0.510"/>
  <testcase classname="in.biencaps.erp.api.testcases.PriorityFolderAPITestCases" name="verify_Update_Priority_Without_Authorization" time="0.913"/>
  <testcase classname="in.biencaps.erp.api.testcases.PriorityFolderAPITestCases" name="verify_Delete_Single_Priority_Without_Authorization" time="0.409"/>
  <testcase classname="in.biencaps.erp.api.testcases.PriorityFolderAPITestCases" name="verify_Get_All_Priorities_With_Authorization" time="0.561"/>
  <testcase classname="in.biencaps.erp.api.testcases.PriorityFolderAPITestCases" name="verify_Update_Priority_With_Authorization">
    <skipped/>
  </testcase> <!-- verify_Update_Priority_With_Authorization -->
  <testcase classname="in.biencaps.erp.api.testcases.PriorityFolderAPITestCases" name="verify_Add_Priority_With_Authorization">
    <skipped/>
  </testcase> <!-- verify_Add_Priority_With_Authorization -->
  <testcase classname="in.biencaps.erp.api.testcases.PriorityFolderAPITestCases" name="verify_Delete_Single_Priority_With_Authorization">
    <skipped/>
  </testcase> <!-- verify_Delete_Single_Priority_With_Authorization -->
</testsuite> <!-- in.biencaps.erp.api.testcases.PriorityFolderAPITestCases -->
