<?xml version="1.0" encoding="UTF-8"?>
<!-- Generated by org.testng.reporters.JUnitReportReporter -->
<testsuite hostname="DESKTOP-BG83L86" failures="5" tests="71" name="in.task_erp_api.testcases.EmployeeFolderAPITestCases" time="41.356" errors="0" timestamp="2024-05-24T14:44:14 IST" skipped="3">
  <testcase classname="in.task_erp_api.testcases.EmployeeFolderAPITestCases" name="verify_Add_Employee_Without_Authorization" time="0.485"/>
  <testcase classname="in.task_erp_api.testcases.EmployeeFolderAPITestCases" name="verify_Get_Single_Employee_Without_Authorization" time="0.481"/>
  <testcase classname="in.task_erp_api.testcases.EmployeeFolderAPITestCases" name="verify_Get_UserId_Without_Authorization" time="0.501"/>
  <testcase classname="in.task_erp_api.testcases.EmployeeFolderAPITestCases" name="verify_Get_All_Reporting_Authorities_Without_Authorization" time="0.508"/>
  <testcase classname="in.task_erp_api.testcases.EmployeeFolderAPITestCases" name="verify_Get_All_Assignees_Without_Authorization" time="0.479"/>
  <testcase classname="in.task_erp_api.testcases.EmployeeFolderAPITestCases" name="verify_Get_All_Employees_Without_Authorization" time="0.499"/>
  <testcase classname="in.task_erp_api.testcases.EmployeeFolderAPITestCases" name="verify_Get_All_Active_Users_Info_Without_Authorization" time="0.467"/>
  <testcase classname="in.task_erp_api.testcases.EmployeeFolderAPITestCases" name="verify_Get_All_Employees_Ids_And_Names_Without_Authorization" time="0.491"/>
  <testcase classname="in.task_erp_api.testcases.EmployeeFolderAPITestCases" name="verify_Get_Assigned_Task_Info_By_Role_Without_Authorization" time="0.465"/>
  <testcase classname="in.task_erp_api.testcases.EmployeeFolderAPITestCases" name="verify_Get_Search_Employee_In_Level_Without_Authorization" time="0.484"/>
  <testcase classname="in.task_erp_api.testcases.EmployeeFolderAPITestCases" name="verify_Add_Token_For_Web_Without_Authorization" time="0.507"/>
  <testcase classname="in.task_erp_api.testcases.EmployeeFolderAPITestCases" name="verify_Add_Token_For_Mobile_Without_Authorization" time="0.552"/>
  <testcase classname="in.task_erp_api.testcases.EmployeeFolderAPITestCases" name="verify_Update_Employee_Without_Authorization" time="0.511"/>
  <testcase classname="in.task_erp_api.testcases.EmployeeFolderAPITestCases" name="verify_Update_Password_Without_Authorization" time="0.512"/>
  <testcase classname="in.task_erp_api.testcases.EmployeeFolderAPITestCases" name="verify_Get_Task_Owners_Without_Authorization" time="0.493"/>
  <testcase classname="in.task_erp_api.testcases.EmployeeFolderAPITestCases" name="verify_Get_All_Employee_With_Authorization" time="1.221"/>
  <testcase classname="in.task_erp_api.testcases.EmployeeFolderAPITestCases" name="verify_Get_Single_Employee_With_Authorization" time="0.761"/>
  <testcase classname="in.task_erp_api.testcases.EmployeeFolderAPITestCases" name="verify_Get_Single_Employee_By_Giving_Invalid_UserId" time="0.479"/>
  <testcase classname="in.task_erp_api.testcases.EmployeeFolderAPITestCases" name="verify_Get_Task_Owners_With_Authorization" time="0.690"/>
  <testcase classname="in.task_erp_api.testcases.EmployeeFolderAPITestCases" name="verify_Get_User_Id_With_Authorization" time="0.676"/>
  <testcase classname="in.task_erp_api.testcases.EmployeeFolderAPITestCases" name="verify_Get_All_Employee_Id_And_Names_With_Authorization" time="0.720"/>
  <testcase classname="in.task_erp_api.testcases.EmployeeFolderAPITestCases" name="verify_Get_Reporting_Authority_With_Authorization" time="0.641"/>
  <testcase classname="in.task_erp_api.testcases.EmployeeFolderAPITestCases" name="verify_Get_Reporting_Authority_By_Giving_Invalid_Department" time="0.679"/>
  <testcase classname="in.task_erp_api.testcases.EmployeeFolderAPITestCases" name="verify_Get_All_Assignee_With_Authorization_By_Giving_Valid_Role_Level" time="0.735"/>
  <testcase classname="in.task_erp_api.testcases.EmployeeFolderAPITestCases" name="verify_Get_Assigned_Task_Info_By_Role_With_Authorization" time="0.475"/>
  <testcase classname="in.task_erp_api.testcases.EmployeeFolderAPITestCases" name="verify_Get_Assigned_Task_Info_By_Role_With_Authorization" time="0.810"/>
  <testcase classname="in.task_erp_api.testcases.EmployeeFolderAPITestCases" name="verify_Get_Assigned_Task_Info_By_Role_With_Authorization" time="0.465"/>
  <testcase classname="in.task_erp_api.testcases.EmployeeFolderAPITestCases" name="verify_Get_Assigned_Task_Info_By_Role_With_Authorization" time="0.506"/>
  <testcase classname="in.task_erp_api.testcases.EmployeeFolderAPITestCases" name="verify_Update_Employee_With_Authorization" time="0.700"/>
  <testcase classname="in.task_erp_api.testcases.EmployeeFolderAPITestCases" name="verify_Update_Employee_With_Authorization" time="0.788">
    <failure message="1 expectation failed.
Expected status code &lt;400&gt; but was &lt;200&gt;.
" type="java.lang.AssertionError">
      <![CDATA[java.lang.AssertionError: 1 expectation failed.
Expected status code <400> but was <200>.

at java.base/jdk.internal.reflect.NativeConstructorAccessorImpl.newInstance0(Native Method)
at java.base/jdk.internal.reflect.NativeConstructorAccessorImpl.newInstance(NativeConstructorAccessorImpl.java:77)
at java.base/jdk.internal.reflect.DelegatingConstructorAccessorImpl.newInstance(DelegatingConstructorAccessorImpl.java:45)
at java.base/java.lang.reflect.Constructor.newInstanceWithCaller(Constructor.java:499)
at java.base/java.lang.reflect.Constructor.newInstance(Constructor.java:480)
at org.codehaus.groovy.reflection.CachedConstructor.invoke(CachedConstructor.java:73)
at org.codehaus.groovy.runtime.callsite.ConstructorSite$ConstructorSiteNoUnwrapNoCoerce.callConstructor(ConstructorSite.java:108)
at org.codehaus.groovy.runtime.callsite.AbstractCallSite.callConstructor(AbstractCallSite.java:277)
at io.restassured.internal.ResponseSpecificationImpl$HamcrestAssertionClosure.validate(ResponseSpecificationImpl.groovy:512)
at io.restassured.internal.ResponseSpecificationImpl$HamcrestAssertionClosure$validate$1.call(Unknown Source)
at io.restassured.internal.ResponseSpecificationImpl.validateResponseIfRequired(ResponseSpecificationImpl.groovy:696)
at io.restassured.internal.ResponseSpecificationImpl.this$2$validateResponseIfRequired(ResponseSpecificationImpl.groovy)
at jdk.internal.reflect.GeneratedMethodAccessor26.invoke(Unknown Source)
at java.base/jdk.internal.reflect.DelegatingMethodAccessorImpl.invoke(DelegatingMethodAccessorImpl.java:43)
at java.base/java.lang.reflect.Method.invoke(Method.java:568)
at org.codehaus.groovy.runtime.callsite.PlainObjectMetaMethodSite.doInvoke(PlainObjectMetaMethodSite.java:43)
at org.codehaus.groovy.runtime.callsite.PogoMetaMethodSite$PogoCachedMethodSiteNoUnwrapNoCoerce.invoke(PogoMetaMethodSite.java:198)
at org.codehaus.groovy.runtime.callsite.PogoMetaMethodSite.callCurrent(PogoMetaMethodSite.java:62)
at org.codehaus.groovy.runtime.callsite.AbstractCallSite.callCurrent(AbstractCallSite.java:185)
at io.restassured.internal.ResponseSpecificationImpl.statusCode(ResponseSpecificationImpl.groovy:135)
at io.restassured.specification.ResponseSpecification$statusCode$0.callCurrent(Unknown Source)
at io.restassured.internal.ResponseSpecificationImpl.statusCode(ResponseSpecificationImpl.groovy:143)
at io.restassured.internal.ValidatableResponseOptionsImpl.statusCode(ValidatableResponseOptionsImpl.java:89)
at in.task_erp_api.bodyValidations.BodyValidation.response400Validation(BodyValidation.java:38)
at in.task_erp_api.testcases.EmployeeFolderAPITestCases.verify_Update_Employee_With_Authorization(EmployeeFolderAPITestCases.java:666)
at java.base/jdk.internal.reflect.NativeMethodAccessorImpl.invoke0(Native Method)
at java.base/jdk.internal.reflect.NativeMethodAccessorImpl.invoke(NativeMethodAccessorImpl.java:77)
at java.base/jdk.internal.reflect.DelegatingMethodAccessorImpl.invoke(DelegatingMethodAccessorImpl.java:43)
at java.base/java.lang.reflect.Method.invoke(Method.java:568)
at org.testng.internal.invokers.MethodInvocationHelper.invokeMethod(MethodInvocationHelper.java:139)
at org.testng.internal.invokers.TestInvoker.invokeMethod(TestInvoker.java:664)
at org.testng.internal.invokers.TestInvoker.invokeTestMethod(TestInvoker.java:228)
at org.testng.internal.invokers.MethodRunner.runInSequence(MethodRunner.java:63)
at org.testng.internal.invokers.TestInvoker$MethodInvocationAgent.invoke(TestInvoker.java:961)
at org.testng.internal.invokers.TestInvoker.invokeTestMethods(TestInvoker.java:201)
at org.testng.internal.invokers.TestMethodWorker.invokeTestMethods(TestMethodWorker.java:148)
at org.testng.internal.invokers.TestMethodWorker.run(TestMethodWorker.java:128)
at java.base/java.util.ArrayList.forEach(ArrayList.java:1511)
at org.testng.TestRunner.privateRun(TestRunner.java:819)
at org.testng.TestRunner.run(TestRunner.java:619)
at org.testng.SuiteRunner.runTest(SuiteRunner.java:443)
at org.testng.SuiteRunner.runSequentially(SuiteRunner.java:437)
at org.testng.SuiteRunner.privateRun(SuiteRunner.java:397)
at org.testng.SuiteRunner.run(SuiteRunner.java:336)
at org.testng.SuiteRunnerWorker.runSuite(SuiteRunnerWorker.java:52)
at org.testng.SuiteRunnerWorker.run(SuiteRunnerWorker.java:95)
at org.testng.TestNG.runSuitesSequentially(TestNG.java:1301)
at org.testng.TestNG.runSuitesLocally(TestNG.java:1228)
at org.testng.TestNG.runSuites(TestNG.java:1134)
at org.testng.TestNG.run(TestNG.java:1101)
at org.testng.remote.AbstractRemoteTestNG.run(AbstractRemoteTestNG.java:115)
at org.testng.remote.RemoteTestNG.initAndRun(RemoteTestNG.java:251)
at org.testng.remote.RemoteTestNG.main(RemoteTestNG.java:77)
]]>
    </failure>
  </testcase> <!-- verify_Update_Employee_With_Authorization -->
  <testcase classname="in.task_erp_api.testcases.EmployeeFolderAPITestCases" name="verify_Update_Employee_With_Authorization" time="0.782"/>
  <testcase classname="in.task_erp_api.testcases.EmployeeFolderAPITestCases" name="verify_Update_Employee_With_Authorization" time="0.886"/>
  <testcase classname="in.task_erp_api.testcases.EmployeeFolderAPITestCases" name="verify_Update_Employee_With_Authorization" time="0.777"/>
  <testcase classname="in.task_erp_api.testcases.EmployeeFolderAPITestCases" name="verify_Update_Employee_With_Authorization" time="0.860"/>
  <testcase classname="in.task_erp_api.testcases.EmployeeFolderAPITestCases" name="verify_Update_Employee_With_Authorization" time="0.710">
    <failure message="1 expectation failed.
Expected status code &lt;422&gt; but was &lt;200&gt;.
" type="java.lang.AssertionError">
      <![CDATA[java.lang.AssertionError: 1 expectation failed.
Expected status code <422> but was <200>.

at java.base/jdk.internal.reflect.NativeConstructorAccessorImpl.newInstance0(Native Method)
at java.base/jdk.internal.reflect.NativeConstructorAccessorImpl.newInstance(NativeConstructorAccessorImpl.java:77)
at java.base/jdk.internal.reflect.DelegatingConstructorAccessorImpl.newInstance(DelegatingConstructorAccessorImpl.java:45)
at java.base/java.lang.reflect.Constructor.newInstanceWithCaller(Constructor.java:499)
at java.base/java.lang.reflect.Constructor.newInstance(Constructor.java:480)
at org.codehaus.groovy.reflection.CachedConstructor.invoke(CachedConstructor.java:73)
at org.codehaus.groovy.runtime.callsite.ConstructorSite$ConstructorSiteNoUnwrapNoCoerce.callConstructor(ConstructorSite.java:108)
at org.codehaus.groovy.runtime.callsite.AbstractCallSite.callConstructor(AbstractCallSite.java:277)
at io.restassured.internal.ResponseSpecificationImpl$HamcrestAssertionClosure.validate(ResponseSpecificationImpl.groovy:512)
at io.restassured.internal.ResponseSpecificationImpl$HamcrestAssertionClosure$validate$1.call(Unknown Source)
at io.restassured.internal.ResponseSpecificationImpl.validateResponseIfRequired(ResponseSpecificationImpl.groovy:696)
at io.restassured.internal.ResponseSpecificationImpl.this$2$validateResponseIfRequired(ResponseSpecificationImpl.groovy)
at jdk.internal.reflect.GeneratedMethodAccessor26.invoke(Unknown Source)
at java.base/jdk.internal.reflect.DelegatingMethodAccessorImpl.invoke(DelegatingMethodAccessorImpl.java:43)
at java.base/java.lang.reflect.Method.invoke(Method.java:568)
at org.codehaus.groovy.runtime.callsite.PlainObjectMetaMethodSite.doInvoke(PlainObjectMetaMethodSite.java:43)
at org.codehaus.groovy.runtime.callsite.PogoMetaMethodSite$PogoCachedMethodSiteNoUnwrapNoCoerce.invoke(PogoMetaMethodSite.java:198)
at org.codehaus.groovy.runtime.callsite.PogoMetaMethodSite.callCurrent(PogoMetaMethodSite.java:62)
at org.codehaus.groovy.runtime.callsite.AbstractCallSite.callCurrent(AbstractCallSite.java:185)
at io.restassured.internal.ResponseSpecificationImpl.statusCode(ResponseSpecificationImpl.groovy:135)
at io.restassured.specification.ResponseSpecification$statusCode$0.callCurrent(Unknown Source)
at io.restassured.internal.ResponseSpecificationImpl.statusCode(ResponseSpecificationImpl.groovy:143)
at io.restassured.internal.ValidatableResponseOptionsImpl.statusCode(ValidatableResponseOptionsImpl.java:89)
at in.task_erp_api.bodyValidations.BodyValidation.responseValidation(BodyValidation.java:56)
at in.task_erp_api.testcases.EmployeeFolderAPITestCases.verify_Update_Employee_With_Authorization(EmployeeFolderAPITestCases.java:674)
at java.base/jdk.internal.reflect.NativeMethodAccessorImpl.invoke0(Native Method)
at java.base/jdk.internal.reflect.NativeMethodAccessorImpl.invoke(NativeMethodAccessorImpl.java:77)
at java.base/jdk.internal.reflect.DelegatingMethodAccessorImpl.invoke(DelegatingMethodAccessorImpl.java:43)
at java.base/java.lang.reflect.Method.invoke(Method.java:568)
at org.testng.internal.invokers.MethodInvocationHelper.invokeMethod(MethodInvocationHelper.java:139)
at org.testng.internal.invokers.TestInvoker.invokeMethod(TestInvoker.java:664)
at org.testng.internal.invokers.TestInvoker.invokeTestMethod(TestInvoker.java:228)
at org.testng.internal.invokers.MethodRunner.runInSequence(MethodRunner.java:63)
at org.testng.internal.invokers.TestInvoker$MethodInvocationAgent.invoke(TestInvoker.java:961)
at org.testng.internal.invokers.TestInvoker.invokeTestMethods(TestInvoker.java:201)
at org.testng.internal.invokers.TestMethodWorker.invokeTestMethods(TestMethodWorker.java:148)
at org.testng.internal.invokers.TestMethodWorker.run(TestMethodWorker.java:128)
at java.base/java.util.ArrayList.forEach(ArrayList.java:1511)
at org.testng.TestRunner.privateRun(TestRunner.java:819)
at org.testng.TestRunner.run(TestRunner.java:619)
at org.testng.SuiteRunner.runTest(SuiteRunner.java:443)
at org.testng.SuiteRunner.runSequentially(SuiteRunner.java:437)
at org.testng.SuiteRunner.privateRun(SuiteRunner.java:397)
at org.testng.SuiteRunner.run(SuiteRunner.java:336)
at org.testng.SuiteRunnerWorker.runSuite(SuiteRunnerWorker.java:52)
at org.testng.SuiteRunnerWorker.run(SuiteRunnerWorker.java:95)
at org.testng.TestNG.runSuitesSequentially(TestNG.java:1301)
at org.testng.TestNG.runSuitesLocally(TestNG.java:1228)
at org.testng.TestNG.runSuites(TestNG.java:1134)
at org.testng.TestNG.run(TestNG.java:1101)
at org.testng.remote.AbstractRemoteTestNG.run(AbstractRemoteTestNG.java:115)
at org.testng.remote.RemoteTestNG.initAndRun(RemoteTestNG.java:251)
at org.testng.remote.RemoteTestNG.main(RemoteTestNG.java:77)
]]>
    </failure>
  </testcase> <!-- verify_Update_Employee_With_Authorization -->
  <testcase classname="in.task_erp_api.testcases.EmployeeFolderAPITestCases" name="verify_Update_Employee_With_Authorization" time="0.823"/>
  <testcase classname="in.task_erp_api.testcases.EmployeeFolderAPITestCases" name="verify_Update_Employee_With_Authorization" time="0.866"/>
  <testcase classname="in.task_erp_api.testcases.EmployeeFolderAPITestCases" name="verify_Update_Employee_With_Authorization" time="0.873">
    <failure message="1 expectation failed.
Expected status code &lt;422&gt; but was &lt;200&gt;.
" type="java.lang.AssertionError">
      <![CDATA[java.lang.AssertionError: 1 expectation failed.
Expected status code <422> but was <200>.

at java.base/jdk.internal.reflect.NativeConstructorAccessorImpl.newInstance0(Native Method)
at java.base/jdk.internal.reflect.NativeConstructorAccessorImpl.newInstance(NativeConstructorAccessorImpl.java:77)
at java.base/jdk.internal.reflect.DelegatingConstructorAccessorImpl.newInstance(DelegatingConstructorAccessorImpl.java:45)
at java.base/java.lang.reflect.Constructor.newInstanceWithCaller(Constructor.java:499)
at java.base/java.lang.reflect.Constructor.newInstance(Constructor.java:480)
at org.codehaus.groovy.reflection.CachedConstructor.invoke(CachedConstructor.java:73)
at org.codehaus.groovy.runtime.callsite.ConstructorSite$ConstructorSiteNoUnwrapNoCoerce.callConstructor(ConstructorSite.java:108)
at org.codehaus.groovy.runtime.callsite.AbstractCallSite.callConstructor(AbstractCallSite.java:277)
at io.restassured.internal.ResponseSpecificationImpl$HamcrestAssertionClosure.validate(ResponseSpecificationImpl.groovy:512)
at io.restassured.internal.ResponseSpecificationImpl$HamcrestAssertionClosure$validate$1.call(Unknown Source)
at io.restassured.internal.ResponseSpecificationImpl.validateResponseIfRequired(ResponseSpecificationImpl.groovy:696)
at io.restassured.internal.ResponseSpecificationImpl.this$2$validateResponseIfRequired(ResponseSpecificationImpl.groovy)
at jdk.internal.reflect.GeneratedMethodAccessor26.invoke(Unknown Source)
at java.base/jdk.internal.reflect.DelegatingMethodAccessorImpl.invoke(DelegatingMethodAccessorImpl.java:43)
at java.base/java.lang.reflect.Method.invoke(Method.java:568)
at org.codehaus.groovy.runtime.callsite.PlainObjectMetaMethodSite.doInvoke(PlainObjectMetaMethodSite.java:43)
at org.codehaus.groovy.runtime.callsite.PogoMetaMethodSite$PogoCachedMethodSiteNoUnwrapNoCoerce.invoke(PogoMetaMethodSite.java:198)
at org.codehaus.groovy.runtime.callsite.PogoMetaMethodSite.callCurrent(PogoMetaMethodSite.java:62)
at org.codehaus.groovy.runtime.callsite.AbstractCallSite.callCurrent(AbstractCallSite.java:185)
at io.restassured.internal.ResponseSpecificationImpl.statusCode(ResponseSpecificationImpl.groovy:135)
at io.restassured.specification.ResponseSpecification$statusCode$0.callCurrent(Unknown Source)
at io.restassured.internal.ResponseSpecificationImpl.statusCode(ResponseSpecificationImpl.groovy:143)
at io.restassured.internal.ValidatableResponseOptionsImpl.statusCode(ValidatableResponseOptionsImpl.java:89)
at in.task_erp_api.bodyValidations.BodyValidation.responseValidation(BodyValidation.java:56)
at in.task_erp_api.testcases.EmployeeFolderAPITestCases.verify_Update_Employee_With_Authorization(EmployeeFolderAPITestCases.java:674)
at java.base/jdk.internal.reflect.NativeMethodAccessorImpl.invoke0(Native Method)
at java.base/jdk.internal.reflect.NativeMethodAccessorImpl.invoke(NativeMethodAccessorImpl.java:77)
at java.base/jdk.internal.reflect.DelegatingMethodAccessorImpl.invoke(DelegatingMethodAccessorImpl.java:43)
at java.base/java.lang.reflect.Method.invoke(Method.java:568)
at org.testng.internal.invokers.MethodInvocationHelper.invokeMethod(MethodInvocationHelper.java:139)
at org.testng.internal.invokers.TestInvoker.invokeMethod(TestInvoker.java:664)
at org.testng.internal.invokers.TestInvoker.invokeTestMethod(TestInvoker.java:228)
at org.testng.internal.invokers.MethodRunner.runInSequence(MethodRunner.java:63)
at org.testng.internal.invokers.TestInvoker$MethodInvocationAgent.invoke(TestInvoker.java:961)
at org.testng.internal.invokers.TestInvoker.invokeTestMethods(TestInvoker.java:201)
at org.testng.internal.invokers.TestMethodWorker.invokeTestMethods(TestMethodWorker.java:148)
at org.testng.internal.invokers.TestMethodWorker.run(TestMethodWorker.java:128)
at java.base/java.util.ArrayList.forEach(ArrayList.java:1511)
at org.testng.TestRunner.privateRun(TestRunner.java:819)
at org.testng.TestRunner.run(TestRunner.java:619)
at org.testng.SuiteRunner.runTest(SuiteRunner.java:443)
at org.testng.SuiteRunner.runSequentially(SuiteRunner.java:437)
at org.testng.SuiteRunner.privateRun(SuiteRunner.java:397)
at org.testng.SuiteRunner.run(SuiteRunner.java:336)
at org.testng.SuiteRunnerWorker.runSuite(SuiteRunnerWorker.java:52)
at org.testng.SuiteRunnerWorker.run(SuiteRunnerWorker.java:95)
at org.testng.TestNG.runSuitesSequentially(TestNG.java:1301)
at org.testng.TestNG.runSuitesLocally(TestNG.java:1228)
at org.testng.TestNG.runSuites(TestNG.java:1134)
at org.testng.TestNG.run(TestNG.java:1101)
at org.testng.remote.AbstractRemoteTestNG.run(AbstractRemoteTestNG.java:115)
at org.testng.remote.RemoteTestNG.initAndRun(RemoteTestNG.java:251)
at org.testng.remote.RemoteTestNG.main(RemoteTestNG.java:77)
]]>
    </failure>
  </testcase> <!-- verify_Update_Employee_With_Authorization -->
  <testcase classname="in.task_erp_api.testcases.EmployeeFolderAPITestCases" name="verify_Update_Employee_With_Authorization" time="0.680"/>
  <testcase classname="in.task_erp_api.testcases.EmployeeFolderAPITestCases" name="verify_Update_Employee_With_Authorization" time="0.668"/>
  <testcase classname="in.task_erp_api.testcases.EmployeeFolderAPITestCases" name="verify_Update_Employee_With_Authorization" time="0.710"/>
  <testcase classname="in.task_erp_api.testcases.EmployeeFolderAPITestCases" name="verify_Update_Employee_With_Authorization" time="0.643">
    <failure message="1 expectation failed.
Expected status code &lt;422&gt; but was &lt;200&gt;.
" type="java.lang.AssertionError">
      <![CDATA[java.lang.AssertionError: 1 expectation failed.
Expected status code <422> but was <200>.

at java.base/jdk.internal.reflect.NativeConstructorAccessorImpl.newInstance0(Native Method)
at java.base/jdk.internal.reflect.NativeConstructorAccessorImpl.newInstance(NativeConstructorAccessorImpl.java:77)
at java.base/jdk.internal.reflect.DelegatingConstructorAccessorImpl.newInstance(DelegatingConstructorAccessorImpl.java:45)
at java.base/java.lang.reflect.Constructor.newInstanceWithCaller(Constructor.java:499)
at java.base/java.lang.reflect.Constructor.newInstance(Constructor.java:480)
at org.codehaus.groovy.reflection.CachedConstructor.invoke(CachedConstructor.java:73)
at org.codehaus.groovy.runtime.callsite.ConstructorSite$ConstructorSiteNoUnwrapNoCoerce.callConstructor(ConstructorSite.java:108)
at org.codehaus.groovy.runtime.callsite.AbstractCallSite.callConstructor(AbstractCallSite.java:277)
at io.restassured.internal.ResponseSpecificationImpl$HamcrestAssertionClosure.validate(ResponseSpecificationImpl.groovy:512)
at io.restassured.internal.ResponseSpecificationImpl$HamcrestAssertionClosure$validate$1.call(Unknown Source)
at io.restassured.internal.ResponseSpecificationImpl.validateResponseIfRequired(ResponseSpecificationImpl.groovy:696)
at io.restassured.internal.ResponseSpecificationImpl.this$2$validateResponseIfRequired(ResponseSpecificationImpl.groovy)
at jdk.internal.reflect.GeneratedMethodAccessor26.invoke(Unknown Source)
at java.base/jdk.internal.reflect.DelegatingMethodAccessorImpl.invoke(DelegatingMethodAccessorImpl.java:43)
at java.base/java.lang.reflect.Method.invoke(Method.java:568)
at org.codehaus.groovy.runtime.callsite.PlainObjectMetaMethodSite.doInvoke(PlainObjectMetaMethodSite.java:43)
at org.codehaus.groovy.runtime.callsite.PogoMetaMethodSite$PogoCachedMethodSiteNoUnwrapNoCoerce.invoke(PogoMetaMethodSite.java:198)
at org.codehaus.groovy.runtime.callsite.PogoMetaMethodSite.callCurrent(PogoMetaMethodSite.java:62)
at org.codehaus.groovy.runtime.callsite.AbstractCallSite.callCurrent(AbstractCallSite.java:185)
at io.restassured.internal.ResponseSpecificationImpl.statusCode(ResponseSpecificationImpl.groovy:135)
at io.restassured.specification.ResponseSpecification$statusCode$0.callCurrent(Unknown Source)
at io.restassured.internal.ResponseSpecificationImpl.statusCode(ResponseSpecificationImpl.groovy:143)
at io.restassured.internal.ValidatableResponseOptionsImpl.statusCode(ValidatableResponseOptionsImpl.java:89)
at in.task_erp_api.bodyValidations.BodyValidation.responseValidation(BodyValidation.java:56)
at in.task_erp_api.testcases.EmployeeFolderAPITestCases.verify_Update_Employee_With_Authorization(EmployeeFolderAPITestCases.java:674)
at java.base/jdk.internal.reflect.NativeMethodAccessorImpl.invoke0(Native Method)
at java.base/jdk.internal.reflect.NativeMethodAccessorImpl.invoke(NativeMethodAccessorImpl.java:77)
at java.base/jdk.internal.reflect.DelegatingMethodAccessorImpl.invoke(DelegatingMethodAccessorImpl.java:43)
at java.base/java.lang.reflect.Method.invoke(Method.java:568)
at org.testng.internal.invokers.MethodInvocationHelper.invokeMethod(MethodInvocationHelper.java:139)
at org.testng.internal.invokers.TestInvoker.invokeMethod(TestInvoker.java:664)
at org.testng.internal.invokers.TestInvoker.invokeTestMethod(TestInvoker.java:228)
at org.testng.internal.invokers.MethodRunner.runInSequence(MethodRunner.java:63)
at org.testng.internal.invokers.TestInvoker$MethodInvocationAgent.invoke(TestInvoker.java:961)
at org.testng.internal.invokers.TestInvoker.invokeTestMethods(TestInvoker.java:201)
at org.testng.internal.invokers.TestMethodWorker.invokeTestMethods(TestMethodWorker.java:148)
at org.testng.internal.invokers.TestMethodWorker.run(TestMethodWorker.java:128)
at java.base/java.util.ArrayList.forEach(ArrayList.java:1511)
at org.testng.TestRunner.privateRun(TestRunner.java:819)
at org.testng.TestRunner.run(TestRunner.java:619)
at org.testng.SuiteRunner.runTest(SuiteRunner.java:443)
at org.testng.SuiteRunner.runSequentially(SuiteRunner.java:437)
at org.testng.SuiteRunner.privateRun(SuiteRunner.java:397)
at org.testng.SuiteRunner.run(SuiteRunner.java:336)
at org.testng.SuiteRunnerWorker.runSuite(SuiteRunnerWorker.java:52)
at org.testng.SuiteRunnerWorker.run(SuiteRunnerWorker.java:95)
at org.testng.TestNG.runSuitesSequentially(TestNG.java:1301)
at org.testng.TestNG.runSuitesLocally(TestNG.java:1228)
at org.testng.TestNG.runSuites(TestNG.java:1134)
at org.testng.TestNG.run(TestNG.java:1101)
at org.testng.remote.AbstractRemoteTestNG.run(AbstractRemoteTestNG.java:115)
at org.testng.remote.RemoteTestNG.initAndRun(RemoteTestNG.java:251)
at org.testng.remote.RemoteTestNG.main(RemoteTestNG.java:77)
]]>
    </failure>
  </testcase> <!-- verify_Update_Employee_With_Authorization -->
  <testcase classname="in.task_erp_api.testcases.EmployeeFolderAPITestCases" name="verify_Update_Employee_With_Authorization" time="0.746"/>
  <testcase classname="in.task_erp_api.testcases.EmployeeFolderAPITestCases" name="verify_Update_Employee_With_Authorization" time="0.633"/>
  <testcase classname="in.task_erp_api.testcases.EmployeeFolderAPITestCases" name="verify_Update_Employee_With_Authorization" time="0.640">
    <failure message="1 expectation failed.
Expected status code &lt;422&gt; but was &lt;200&gt;.
" type="java.lang.AssertionError">
      <![CDATA[java.lang.AssertionError: 1 expectation failed.
Expected status code <422> but was <200>.

at java.base/jdk.internal.reflect.NativeConstructorAccessorImpl.newInstance0(Native Method)
at java.base/jdk.internal.reflect.NativeConstructorAccessorImpl.newInstance(NativeConstructorAccessorImpl.java:77)
at java.base/jdk.internal.reflect.DelegatingConstructorAccessorImpl.newInstance(DelegatingConstructorAccessorImpl.java:45)
at java.base/java.lang.reflect.Constructor.newInstanceWithCaller(Constructor.java:499)
at java.base/java.lang.reflect.Constructor.newInstance(Constructor.java:480)
at org.codehaus.groovy.reflection.CachedConstructor.invoke(CachedConstructor.java:73)
at org.codehaus.groovy.runtime.callsite.ConstructorSite$ConstructorSiteNoUnwrapNoCoerce.callConstructor(ConstructorSite.java:108)
at org.codehaus.groovy.runtime.callsite.AbstractCallSite.callConstructor(AbstractCallSite.java:277)
at io.restassured.internal.ResponseSpecificationImpl$HamcrestAssertionClosure.validate(ResponseSpecificationImpl.groovy:512)
at io.restassured.internal.ResponseSpecificationImpl$HamcrestAssertionClosure$validate$1.call(Unknown Source)
at io.restassured.internal.ResponseSpecificationImpl.validateResponseIfRequired(ResponseSpecificationImpl.groovy:696)
at io.restassured.internal.ResponseSpecificationImpl.this$2$validateResponseIfRequired(ResponseSpecificationImpl.groovy)
at jdk.internal.reflect.GeneratedMethodAccessor26.invoke(Unknown Source)
at java.base/jdk.internal.reflect.DelegatingMethodAccessorImpl.invoke(DelegatingMethodAccessorImpl.java:43)
at java.base/java.lang.reflect.Method.invoke(Method.java:568)
at org.codehaus.groovy.runtime.callsite.PlainObjectMetaMethodSite.doInvoke(PlainObjectMetaMethodSite.java:43)
at org.codehaus.groovy.runtime.callsite.PogoMetaMethodSite$PogoCachedMethodSiteNoUnwrapNoCoerce.invoke(PogoMetaMethodSite.java:198)
at org.codehaus.groovy.runtime.callsite.PogoMetaMethodSite.callCurrent(PogoMetaMethodSite.java:62)
at org.codehaus.groovy.runtime.callsite.AbstractCallSite.callCurrent(AbstractCallSite.java:185)
at io.restassured.internal.ResponseSpecificationImpl.statusCode(ResponseSpecificationImpl.groovy:135)
at io.restassured.specification.ResponseSpecification$statusCode$0.callCurrent(Unknown Source)
at io.restassured.internal.ResponseSpecificationImpl.statusCode(ResponseSpecificationImpl.groovy:143)
at io.restassured.internal.ValidatableResponseOptionsImpl.statusCode(ValidatableResponseOptionsImpl.java:89)
at in.task_erp_api.bodyValidations.BodyValidation.responseValidation(BodyValidation.java:56)
at in.task_erp_api.testcases.EmployeeFolderAPITestCases.verify_Update_Employee_With_Authorization(EmployeeFolderAPITestCases.java:674)
at java.base/jdk.internal.reflect.NativeMethodAccessorImpl.invoke0(Native Method)
at java.base/jdk.internal.reflect.NativeMethodAccessorImpl.invoke(NativeMethodAccessorImpl.java:77)
at java.base/jdk.internal.reflect.DelegatingMethodAccessorImpl.invoke(DelegatingMethodAccessorImpl.java:43)
at java.base/java.lang.reflect.Method.invoke(Method.java:568)
at org.testng.internal.invokers.MethodInvocationHelper.invokeMethod(MethodInvocationHelper.java:139)
at org.testng.internal.invokers.TestInvoker.invokeMethod(TestInvoker.java:664)
at org.testng.internal.invokers.TestInvoker.invokeTestMethod(TestInvoker.java:228)
at org.testng.internal.invokers.MethodRunner.runInSequence(MethodRunner.java:63)
at org.testng.internal.invokers.TestInvoker$MethodInvocationAgent.invoke(TestInvoker.java:961)
at org.testng.internal.invokers.TestInvoker.invokeTestMethods(TestInvoker.java:201)
at org.testng.internal.invokers.TestMethodWorker.invokeTestMethods(TestMethodWorker.java:148)
at org.testng.internal.invokers.TestMethodWorker.run(TestMethodWorker.java:128)
at java.base/java.util.ArrayList.forEach(ArrayList.java:1511)
at org.testng.TestRunner.privateRun(TestRunner.java:819)
at org.testng.TestRunner.run(TestRunner.java:619)
at org.testng.SuiteRunner.runTest(SuiteRunner.java:443)
at org.testng.SuiteRunner.runSequentially(SuiteRunner.java:437)
at org.testng.SuiteRunner.privateRun(SuiteRunner.java:397)
at org.testng.SuiteRunner.run(SuiteRunner.java:336)
at org.testng.SuiteRunnerWorker.runSuite(SuiteRunnerWorker.java:52)
at org.testng.SuiteRunnerWorker.run(SuiteRunnerWorker.java:95)
at org.testng.TestNG.runSuitesSequentially(TestNG.java:1301)
at org.testng.TestNG.runSuitesLocally(TestNG.java:1228)
at org.testng.TestNG.runSuites(TestNG.java:1134)
at org.testng.TestNG.run(TestNG.java:1101)
at org.testng.remote.AbstractRemoteTestNG.run(AbstractRemoteTestNG.java:115)
at org.testng.remote.RemoteTestNG.initAndRun(RemoteTestNG.java:251)
at org.testng.remote.RemoteTestNG.main(RemoteTestNG.java:77)
]]>
    </failure>
  </testcase> <!-- verify_Update_Employee_With_Authorization -->
  <testcase classname="in.task_erp_api.testcases.EmployeeFolderAPITestCases" name="verify_Update_Employee_With_Authorization" time="0.853"/>
  <testcase classname="in.task_erp_api.testcases.EmployeeFolderAPITestCases" name="verify_Update_Password_With_Authorization" time="0.974"/>
  <testcase classname="in.task_erp_api.testcases.EmployeeFolderAPITestCases" name="verify_Update_Password_With_Authorization" time="0.503"/>
  <testcase classname="in.task_erp_api.testcases.EmployeeFolderAPITestCases" name="verify_Update_Password_With_Authorization" time="0.486"/>
  <testcase classname="in.task_erp_api.testcases.EmployeeFolderAPITestCases" name="verify_Update_Password_With_Authorization" time="0.503"/>
  <testcase classname="in.task_erp_api.testcases.EmployeeFolderAPITestCases" name="verify_Update_Password_With_Authorization" time="0.455"/>
  <testcase classname="in.task_erp_api.testcases.EmployeeFolderAPITestCases" name="verify_Update_Password_With_Authorization" time="0.448"/>
  <testcase classname="in.task_erp_api.testcases.EmployeeFolderAPITestCases" name="verify_Update_Password_With_Authorization" time="0.485"/>
  <testcase classname="in.task_erp_api.testcases.EmployeeFolderAPITestCases" name="verify_Update_Password_With_Authorization" time="0.625"/>
  <testcase classname="in.task_erp_api.testcases.EmployeeFolderAPITestCases" name="verify_Get_Encrypted_Email_With_Authorization" time="0.793"/>
  <testcase classname="in.task_erp_api.testcases.EmployeeFolderAPITestCases" name="verify_Get_Encrypted_Email_With_Authorization" time="0.495"/>
  <testcase classname="in.task_erp_api.testcases.EmployeeFolderAPITestCases" name="verify_Get_Search_Employee_In_Level_With_Authorization" time="0.429"/>
  <testcase classname="in.task_erp_api.testcases.EmployeeFolderAPITestCases" name="verify_Get_Search_Employee_In_Level_With_Authorization" time="0.469"/>
  <testcase classname="in.task_erp_api.testcases.EmployeeFolderAPITestCases" name="verify_Get_Search_Employee_In_Level_With_Authorization" time="0.497"/>
  <testcase classname="in.task_erp_api.testcases.EmployeeFolderAPITestCases" name="verify_Get_Search_Employee_In_Level_With_Authorization" time="0.473"/>
  <testcase classname="in.task_erp_api.testcases.EmployeeFolderAPITestCases" name="verify_Get_Search_Employee_In_Level_With_Authorization" time="0.476"/>
  <testcase classname="in.task_erp_api.testcases.EmployeeFolderAPITestCases" name="verify_Get_Search_Employee_In_Level_With_Authorization" time="0.458"/>
  <testcase classname="in.task_erp_api.testcases.EmployeeFolderAPITestCases" name="verify_Add_Token_For_Web_With_Authorization" time="0.477"/>
  <testcase classname="in.task_erp_api.testcases.EmployeeFolderAPITestCases" name="verify_Add_Token_For_Web_With_Authorization" time="0.479"/>
  <testcase classname="in.task_erp_api.testcases.EmployeeFolderAPITestCases" name="verify_Add_Token_For_Web_With_Authorization" time="0.452"/>
  <testcase classname="in.task_erp_api.testcases.EmployeeFolderAPITestCases" name="verify_Add_Token_For_Mobile_With_Authorization" time="0.483"/>
  <testcase classname="in.task_erp_api.testcases.EmployeeFolderAPITestCases" name="verify_Add_Token_For_Mobile_With_Authorization" time="0.484"/>
  <testcase classname="in.task_erp_api.testcases.EmployeeFolderAPITestCases" name="verify_Add_Token_For_Mobile_With_Authorization" time="0.481"/>
  <testcase classname="in.task_erp_api.testcases.EmployeeFolderAPITestCases" name="verify_Add_Employee_With_Authorization">
    <skipped/>
  </testcase> <!-- verify_Add_Employee_With_Authorization -->
  <testcase classname="in.task_erp_api.testcases.EmployeeFolderAPITestCases" name="verify_Get_All_Active_Users_Info_With_Authorization">
    <skipped/>
  </testcase> <!-- verify_Get_All_Active_Users_Info_With_Authorization -->
  <testcase classname="in.task_erp_api.testcases.EmployeeFolderAPITestCases" name="verify_Add_Forgot_Password_With_Authorization">
    <skipped/>
  </testcase> <!-- verify_Add_Forgot_Password_With_Authorization -->
</testsuite> <!-- in.task_erp_api.testcases.EmployeeFolderAPITestCases -->
