<?xml version="1.0" encoding="UTF-8"?>
<!-- Generated by org.testng.reporters.JUnitReportReporter -->
<testsuite hostname="DESKTOP-BG83L86" failures="0" tests="11" name="in.biencaps.erp.api.testcases.RoleFolderAPITestCases" time="5.071" errors="0" timestamp="2024-05-30T17:47:58 IST" skipped="3">
  <testcase classname="in.biencaps.erp.api.testcases.RoleFolderAPITestCases" name="verify_Add_Role_Without_Authorization" time="0.626"/>
  <testcase classname="in.biencaps.erp.api.testcases.RoleFolderAPITestCases" name="verify_Get_All_Roles_Without_Authorization" time="0.707"/>
  <testcase classname="in.biencaps.erp.api.testcases.RoleFolderAPITestCases" name="verify_Update_Role_Without_Authorization" time="0.594"/>
  <testcase classname="in.biencaps.erp.api.testcases.RoleFolderAPITestCases" name="verify_Delete_Role_Without_Authorization" time="0.565"/>
  <testcase classname="in.biencaps.erp.api.testcases.RoleFolderAPITestCases" name="verify_Get_Role_By_Level_Without_Authorization" time="0.662"/>
  <testcase classname="in.biencaps.erp.api.testcases.RoleFolderAPITestCases" name="verify_Get_All_Roles_With_Authorization" time="0.614"/>
  <testcase classname="in.biencaps.erp.api.testcases.RoleFolderAPITestCases" name="verify_Get_Role_By_Level_With_Authorization" time="0.698"/>
  <testcase classname="in.biencaps.erp.api.testcases.RoleFolderAPITestCases" name="verify_Get_Role_By_Level_With_Authorization" time="0.605"/>
  <testcase classname="in.biencaps.erp.api.testcases.RoleFolderAPITestCases" name="verify_Delete_Role_With_Authorization">
    <skipped/>
  </testcase> <!-- verify_Delete_Role_With_Authorization -->
  <testcase classname="in.biencaps.erp.api.testcases.RoleFolderAPITestCases" name="verify_Update_Role_With_Authorization">
    <skipped/>
  </testcase> <!-- verify_Update_Role_With_Authorization -->
  <testcase classname="in.biencaps.erp.api.testcases.RoleFolderAPITestCases" name="verify_Add_Role_With_Authorization">
    <skipped/>
  </testcase> <!-- verify_Add_Role_With_Authorization -->
</testsuite> <!-- in.biencaps.erp.api.testcases.RoleFolderAPITestCases -->
