<?xml version="1.0" encoding="UTF-8"?>
<!-- Generated by org.testng.reporters.JUnitReportReporter -->
<testsuite hostname="DESKTOP-BG83L86" failures="0" tests="3" name="in.task_erp_api.testcases.LoginEmployeeAPITestCases" time="4.843" errors="0" timestamp="2024-05-27T14:44:35 IST" skipped="0">
  <testcase classname="in.task_erp_api.testcases.LoginEmployeeAPITestCases" name="verify_Login_Employee_By_Giving_Valid_Data" time="3.155"/>
  <testcase classname="in.task_erp_api.testcases.LoginEmployeeAPITestCases" name="verify_Login_Employee_By_Giving_Invalid_LoginId" time="0.487"/>
  <testcase classname="in.task_erp_api.testcases.LoginEmployeeAPITestCases" name="verify_Login_Employee_By_Giving_Invalid_Password" time="1.201"/>
</testsuite> <!-- in.task_erp_api.testcases.LoginEmployeeAPITestCases -->
