<?xml version="1.0" encoding="UTF-8"?>
<!-- Generated by org.testng.reporters.JUnitReportReporter -->
<testsuite hostname="DESKTOP-BG83L86" failures="0" tests="21" name="in.biencaps.erp.api.testcases.DepartmentFolderAPITestCases" time="13.789" errors="0" timestamp="2024-05-27T16:08:59 IST" skipped="3">
  <testcase classname="in.biencaps.erp.api.testcases.DepartmentFolderAPITestCases" name="verify_Add_Department_Without_Authorization" time="0.419"/>
  <testcase classname="in.biencaps.erp.api.testcases.DepartmentFolderAPITestCases" name="verify_Get_User_Id_Without_Authorization" time="0.378"/>
  <testcase classname="in.biencaps.erp.api.testcases.DepartmentFolderAPITestCases" name="verify_Get_All_Departments_Without_Authorization" time="0.628"/>
  <testcase classname="in.biencaps.erp.api.testcases.DepartmentFolderAPITestCases" name="verify_Get_Employees_By_Department_Name_Without_Authorization" time="0.402"/>
  <testcase classname="in.biencaps.erp.api.testcases.DepartmentFolderAPITestCases" name="verify_Get_All_Employees_By_Designation_Name_Without_Authorization" time="0.515"/>
  <testcase classname="in.biencaps.erp.api.testcases.DepartmentFolderAPITestCases" name="verify_Get_All_Assignee_Without_Authorization" time="0.393"/>
  <testcase classname="in.biencaps.erp.api.testcases.DepartmentFolderAPITestCases" name="verify_Get_Higher_Authority_Without_Authorization" time="0.446"/>
  <testcase classname="in.biencaps.erp.api.testcases.DepartmentFolderAPITestCases" name="verify_Update_Department_Without_Authorization" time="0.791"/>
  <testcase classname="in.biencaps.erp.api.testcases.DepartmentFolderAPITestCases" name="verify_Delete_Department_Without_Authorization" time="0.513"/>
  <testcase classname="in.biencaps.erp.api.testcases.DepartmentFolderAPITestCases" name="verify_Get_All_Departments_With_Authorization" time="0.641"/>
  <testcase classname="in.biencaps.erp.api.testcases.DepartmentFolderAPITestCases" name="verify_Get_User_Id_With_Authorization" time="2.520"/>
  <testcase classname="in.biencaps.erp.api.testcases.DepartmentFolderAPITestCases" name="verify_Get_Employees_By_Department_Name_With_Authorization" time="1.427"/>
  <testcase classname="in.biencaps.erp.api.testcases.DepartmentFolderAPITestCases" name="verify_Get_Employees_By_Department_By_Giving_Invalid_Department" time="0.708"/>
  <testcase classname="in.biencaps.erp.api.testcases.DepartmentFolderAPITestCases" name="verify_Get_All_Employees_By_Designation_With_Authorization" time="0.930"/>
  <testcase classname="in.biencaps.erp.api.testcases.DepartmentFolderAPITestCases" name="verify_Get_All_Employees_By_Designation_By_Giving_Invalid_Designation" time="0.306"/>
  <testcase classname="in.biencaps.erp.api.testcases.DepartmentFolderAPITestCases" name="verify_Get_All_Assignee_With_Authorization_By_Giving_Valid_Role_Level" time="0.907"/>
  <testcase classname="in.biencaps.erp.api.testcases.DepartmentFolderAPITestCases" name="verify_Get_Higher_Authority_With_Authorization" time="0.750"/>
  <testcase classname="in.biencaps.erp.api.testcases.DepartmentFolderAPITestCases" name="verify_Get_Higher_Authority_By_Giving_Invalid_Department" time="1.115"/>
  <testcase classname="in.biencaps.erp.api.testcases.DepartmentFolderAPITestCases" name="verify_Add_Department_With_Authorization">
    <skipped/>
  </testcase> <!-- verify_Add_Department_With_Authorization -->
  <testcase classname="in.biencaps.erp.api.testcases.DepartmentFolderAPITestCases" name="verifyDeleteSingleDepartmentWithAuthorization">
    <skipped/>
  </testcase> <!-- verifyDeleteSingleDepartmentWithAuthorization -->
  <testcase classname="in.biencaps.erp.api.testcases.DepartmentFolderAPITestCases" name="verifyUpdateDepartmentWithAuthorization">
    <skipped/>
  </testcase> <!-- verifyUpdateDepartmentWithAuthorization -->
</testsuite> <!-- in.biencaps.erp.api.testcases.DepartmentFolderAPITestCases -->
