<?xml version="1.0" encoding="UTF-8"?>
<!-- Generated by org.testng.reporters.JUnitReportReporter -->
<testsuite hostname="DESKTOP-BG83L86" failures="0" tests="3" name="in.task_erp_api.testcases.LoginEmployeeAPITestCases" time="3.221" errors="0" timestamp="2024-05-21T16:08:12 IST" skipped="0">
  <testcase classname="in.task_erp_api.testcases.LoginEmployeeAPITestCases" name="verify_Login_Employee_By_Giving_Valid_Data" time="2.560"/>
  <testcase classname="in.task_erp_api.testcases.LoginEmployeeAPITestCases" name="verify_Login_Employee_By_Giving_Invalid_LoginId" time="0.109"/>
  <testcase classname="in.task_erp_api.testcases.LoginEmployeeAPITestCases" name="verify_Login_Employee_By_Giving_Invalid_Password" time="0.552"/>
</testsuite> <!-- in.task_erp_api.testcases.LoginEmployeeAPITestCases -->
