<?xml version="1.0" encoding="UTF-8"?>
<!-- Generated by org.testng.reporters.JUnitReportReporter -->
<testsuite hostname="DESKTOP-BG83L86" failures="0" tests="8" name="in.task_erp_api.testcases.VerificationFolderAPITestCases" time="2.375" errors="0" timestamp="2024-05-27T14:44:35 IST" skipped="3">
  <testcase classname="in.task_erp_api.testcases.VerificationFolderAPITestCases" name="verify_Add_Verification_Without_Authorization" time="0.360"/>
  <testcase classname="in.task_erp_api.testcases.VerificationFolderAPITestCases" name="verify_Get_All_Verificationes_Without_Authorization" time="0.393"/>
  <testcase classname="in.task_erp_api.testcases.VerificationFolderAPITestCases" name="verify_Update_Verification_Without_Authorization" time="0.773"/>
  <testcase classname="in.task_erp_api.testcases.VerificationFolderAPITestCases" name="verify_Delete_Verification_Without_Authorization" time="0.390"/>
  <testcase classname="in.task_erp_api.testcases.VerificationFolderAPITestCases" name="verify_Get_All_Verificationes_With_Authorization" time="0.459"/>
  <testcase classname="in.task_erp_api.testcases.VerificationFolderAPITestCases" name="verify_Add_Verification_With_Authorization">
    <skipped/>
  </testcase> <!-- verify_Add_Verification_With_Authorization -->
  <testcase classname="in.task_erp_api.testcases.VerificationFolderAPITestCases" name="verify_Update_Verification_With_Authorization">
    <skipped/>
  </testcase> <!-- verify_Update_Verification_With_Authorization -->
  <testcase classname="in.task_erp_api.testcases.VerificationFolderAPITestCases" name="verify_Delete_Single_Verification_With_Authorization">
    <skipped/>
  </testcase> <!-- verify_Delete_Single_Verification_With_Authorization -->
</testsuite> <!-- in.task_erp_api.testcases.VerificationFolderAPITestCases -->
