<?xml version="1.0" encoding="UTF-8"?>
<!-- Generated by org.testng.reporters.JUnitReportReporter -->
<testsuite hostname="DESKTOP-BG83L86" failures="0" tests="23" name="in.biencaps.erp.api.testcases.DesignationFolderAPITestCases" time="34.424" errors="0" timestamp="2024-05-28T14:06:44 IST" skipped="0">
  <testcase classname="in.biencaps.erp.api.testcases.DesignationFolderAPITestCases" name="verify_Add_Designation_Without_Authorization" time="0.496"/>
  <testcase classname="in.biencaps.erp.api.testcases.DesignationFolderAPITestCases" name="verify_Get_All_Designation_By_Department_Without_Authorization" time="0.518"/>
  <testcase classname="in.biencaps.erp.api.testcases.DesignationFolderAPITestCases" name="verify_Get_All_Designation_Without_Authorization" time="0.503"/>
  <testcase classname="in.biencaps.erp.api.testcases.DesignationFolderAPITestCases" name="verify_Update_Designation_Without_Authorization" time="1.132"/>
  <testcase classname="in.biencaps.erp.api.testcases.DesignationFolderAPITestCases" name="verify_Delete_Designation_Without_Authorization" time="0.537"/>
  <testcase classname="in.biencaps.erp.api.testcases.DesignationFolderAPITestCases" name="verify_Get_All_Designation_With_Authorization" time="0.828"/>
  <testcase classname="in.biencaps.erp.api.testcases.DesignationFolderAPITestCases" name="verify_Add_Designation_With_Employee_Authorization" time="2.316"/>
  <testcase classname="in.biencaps.erp.api.testcases.DesignationFolderAPITestCases" name="verify_Add_Designation_With_Admin_Authorization" time="1.608"/>
  <testcase classname="in.biencaps.erp.api.testcases.DesignationFolderAPITestCases" name="verify_Add_Designation_With_Admin_Authorization" time="1.523"/>
  <testcase classname="in.biencaps.erp.api.testcases.DesignationFolderAPITestCases" name="verify_Add_Designation_With_Admin_Authorization" time="2.545"/>
  <testcase classname="in.biencaps.erp.api.testcases.DesignationFolderAPITestCases" name="verify_Add_Designation_With_Admin_Authorization" time="1.279"/>
  <testcase classname="in.biencaps.erp.api.testcases.DesignationFolderAPITestCases" name="verify_Get_All_Designation_By_Department_With_Admin_Authorization" time="0.472"/>
  <testcase classname="in.biencaps.erp.api.testcases.DesignationFolderAPITestCases" name="verify_Get_All_Designation_By_Department_With_Admin_Authorization" time="0.491"/>
  <testcase classname="in.biencaps.erp.api.testcases.DesignationFolderAPITestCases" name="verify_Update_Designation_With_Employee_Authorization" time="2.474"/>
  <testcase classname="in.biencaps.erp.api.testcases.DesignationFolderAPITestCases" name="verify_Update_Designation_With_Admin_Authorization" time="2.171"/>
  <testcase classname="in.biencaps.erp.api.testcases.DesignationFolderAPITestCases" name="verify_Update_Designation_With_Admin_Authorization" time="2.117"/>
  <testcase classname="in.biencaps.erp.api.testcases.DesignationFolderAPITestCases" name="verify_Update_Designation_With_Admin_Authorization" time="2.128"/>
  <testcase classname="in.biencaps.erp.api.testcases.DesignationFolderAPITestCases" name="verify_Update_Designation_With_Admin_Authorization" time="2.294"/>
  <testcase classname="in.biencaps.erp.api.testcases.DesignationFolderAPITestCases" name="verify_Update_Designation_With_Admin_Authorization" time="2.534"/>
  <testcase classname="in.biencaps.erp.api.testcases.DesignationFolderAPITestCases" name="verify_Delete_Designation_With_Employee_Authorization" time="1.842"/>
  <testcase classname="in.biencaps.erp.api.testcases.DesignationFolderAPITestCases" name="verify_Delete_Designation_With_Admin_Authorization" time="1.741"/>
  <testcase classname="in.biencaps.erp.api.testcases.DesignationFolderAPITestCases" name="verify_Delete_Designation_With_Admin_Authorization" time="0.890"/>
  <testcase classname="in.biencaps.erp.api.testcases.DesignationFolderAPITestCases" name="verify_Delete_Designation_With_Admin_Authorization" time="1.985"/>
</testsuite> <!-- in.biencaps.erp.api.testcases.DesignationFolderAPITestCases -->
