<?xml version="1.0" encoding="UTF-8"?>
<!-- Generated by org.testng.reporters.JUnitReportReporter -->
<testsuite hostname="DESKTOP-BG83L86" failures="0" tests="3" name="in.task_erp_api.testcases.LoginEmployeeAPITestCases" time="5.075" errors="0" timestamp="2024-05-20T10:40:27 IST" skipped="0">
  <testcase classname="in.task_erp_api.testcases.LoginEmployeeAPITestCases" name="verify_Login_Employee_By_Giving_Valid_Data" time="2.600"/>
  <testcase classname="in.task_erp_api.testcases.LoginEmployeeAPITestCases" name="verify_Login_Employee_By_Giving_Invalid_LoginId" time="0.619"/>
  <testcase classname="in.task_erp_api.testcases.LoginEmployeeAPITestCases" name="verify_Login_Employee_By_Giving_Invalid_Password" time="1.856"/>
</testsuite> <!-- in.task_erp_api.testcases.LoginEmployeeAPITestCases -->
