<?xml version="1.0" encoding="UTF-8"?>
<!-- Generated by org.testng.reporters.JUnitReportReporter -->
<testsuite hostname="DESKTOP-BG83L86" failures="0" tests="47" name="in.task_erp_api.testcases.EmployeeFolderAPITestCases" time="19.987" errors="0" timestamp="2024-05-27T14:44:35 IST" skipped="5">
  <testcase classname="in.task_erp_api.testcases.EmployeeFolderAPITestCases" name="verify_Add_Employee_Without_Authorization" time="0.418"/>
  <testcase classname="in.task_erp_api.testcases.EmployeeFolderAPITestCases" name="verify_Get_Single_Employee_Without_Authorization" time="0.340"/>
  <testcase classname="in.task_erp_api.testcases.EmployeeFolderAPITestCases" name="verify_Get_UserId_Without_Authorization" time="0.322"/>
  <testcase classname="in.task_erp_api.testcases.EmployeeFolderAPITestCases" name="verify_Get_All_Reporting_Authorities_Without_Authorization" time="0.315"/>
  <testcase classname="in.task_erp_api.testcases.EmployeeFolderAPITestCases" name="verify_Get_All_Assignees_Without_Authorization" time="0.362"/>
  <testcase classname="in.task_erp_api.testcases.EmployeeFolderAPITestCases" name="verify_Get_All_Employees_Without_Authorization" time="0.367"/>
  <testcase classname="in.task_erp_api.testcases.EmployeeFolderAPITestCases" name="verify_Get_All_Active_Users_Info_Without_Authorization" time="0.350"/>
  <testcase classname="in.task_erp_api.testcases.EmployeeFolderAPITestCases" name="verify_Get_All_Employees_Ids_And_Names_Without_Authorization" time="0.362"/>
  <testcase classname="in.task_erp_api.testcases.EmployeeFolderAPITestCases" name="verify_Get_Assigned_Task_Info_By_Role_Without_Authorization" time="0.355"/>
  <testcase classname="in.task_erp_api.testcases.EmployeeFolderAPITestCases" name="verify_Get_Search_Employee_In_Level_Without_Authorization" time="0.363"/>
  <testcase classname="in.task_erp_api.testcases.EmployeeFolderAPITestCases" name="verify_Add_Token_For_Web_Without_Authorization" time="0.346"/>
  <testcase classname="in.task_erp_api.testcases.EmployeeFolderAPITestCases" name="verify_Add_Token_For_Mobile_Without_Authorization" time="0.323"/>
  <testcase classname="in.task_erp_api.testcases.EmployeeFolderAPITestCases" name="verify_Update_Employee_Without_Authorization" time="0.332"/>
  <testcase classname="in.task_erp_api.testcases.EmployeeFolderAPITestCases" name="verify_Update_Password_Without_Authorization" time="0.377"/>
  <testcase classname="in.task_erp_api.testcases.EmployeeFolderAPITestCases" name="verify_Get_Task_Owners_Without_Authorization" time="0.305"/>
  <testcase classname="in.task_erp_api.testcases.EmployeeFolderAPITestCases" name="verify_Get_All_Employee_With_Authorization" time="1.319"/>
  <testcase classname="in.task_erp_api.testcases.EmployeeFolderAPITestCases" name="verify_Get_Single_Employee_With_Authorization" time="0.767"/>
  <testcase classname="in.task_erp_api.testcases.EmployeeFolderAPITestCases" name="verify_Get_Single_Employee_By_Giving_Invalid_UserId" time="0.327"/>
  <testcase classname="in.task_erp_api.testcases.EmployeeFolderAPITestCases" name="verify_Get_Task_Owners_With_Authorization" time="0.694"/>
  <testcase classname="in.task_erp_api.testcases.EmployeeFolderAPITestCases" name="verify_Get_User_Id_With_Authorization" time="0.855"/>
  <testcase classname="in.task_erp_api.testcases.EmployeeFolderAPITestCases" name="verify_Get_All_Employee_Id_And_Names_With_Authorization" time="0.853"/>
  <testcase classname="in.task_erp_api.testcases.EmployeeFolderAPITestCases" name="verify_Get_Reporting_Authority_With_Authorization" time="1.085"/>
  <testcase classname="in.task_erp_api.testcases.EmployeeFolderAPITestCases" name="verify_Get_Reporting_Authority_By_Giving_Invalid_Department" time="0.976"/>
  <testcase classname="in.task_erp_api.testcases.EmployeeFolderAPITestCases" name="verify_Get_All_Assignee_With_Authorization_By_Giving_Valid_Role_Level" time="0.803"/>
  <testcase classname="in.task_erp_api.testcases.EmployeeFolderAPITestCases" name="verify_Get_Assigned_Task_Info_By_Role_With_Authorization" time="0.343"/>
  <testcase classname="in.task_erp_api.testcases.EmployeeFolderAPITestCases" name="verify_Get_Assigned_Task_Info_By_Role_With_Authorization" time="0.353"/>
  <testcase classname="in.task_erp_api.testcases.EmployeeFolderAPITestCases" name="verify_Get_Assigned_Task_Info_By_Role_With_Authorization" time="0.747"/>
  <testcase classname="in.task_erp_api.testcases.EmployeeFolderAPITestCases" name="verify_Get_Assigned_Task_Info_By_Role_With_Authorization" time="0.361"/>
  <testcase classname="in.task_erp_api.testcases.EmployeeFolderAPITestCases" name="verify_Get_Encrypted_Email_With_Authorization" time="0.856"/>
  <testcase classname="in.task_erp_api.testcases.EmployeeFolderAPITestCases" name="verify_Get_Encrypted_Email_With_Authorization" time="0.362"/>
  <testcase classname="in.task_erp_api.testcases.EmployeeFolderAPITestCases" name="verify_Get_Search_Employee_In_Level_With_Authorization" time="0.301"/>
  <testcase classname="in.task_erp_api.testcases.EmployeeFolderAPITestCases" name="verify_Get_Search_Employee_In_Level_With_Authorization" time="0.368"/>
  <testcase classname="in.task_erp_api.testcases.EmployeeFolderAPITestCases" name="verify_Get_Search_Employee_In_Level_With_Authorization" time="0.387"/>
  <testcase classname="in.task_erp_api.testcases.EmployeeFolderAPITestCases" name="verify_Get_Search_Employee_In_Level_With_Authorization" time="0.346"/>
  <testcase classname="in.task_erp_api.testcases.EmployeeFolderAPITestCases" name="verify_Get_Search_Employee_In_Level_With_Authorization" time="0.330"/>
  <testcase classname="in.task_erp_api.testcases.EmployeeFolderAPITestCases" name="verify_Get_Search_Employee_In_Level_With_Authorization" time="0.330"/>
  <testcase classname="in.task_erp_api.testcases.EmployeeFolderAPITestCases" name="verify_Add_Token_For_Web_With_Authorization" time="0.350"/>
  <testcase classname="in.task_erp_api.testcases.EmployeeFolderAPITestCases" name="verify_Add_Token_For_Web_With_Authorization" time="0.308"/>
  <testcase classname="in.task_erp_api.testcases.EmployeeFolderAPITestCases" name="verify_Add_Token_For_Web_With_Authorization" time="0.315"/>
  <testcase classname="in.task_erp_api.testcases.EmployeeFolderAPITestCases" name="verify_Add_Token_For_Mobile_With_Authorization" time="0.367"/>
  <testcase classname="in.task_erp_api.testcases.EmployeeFolderAPITestCases" name="verify_Add_Token_For_Mobile_With_Authorization" time="0.315"/>
  <testcase classname="in.task_erp_api.testcases.EmployeeFolderAPITestCases" name="verify_Add_Token_For_Mobile_With_Authorization" time="0.332"/>
  <testcase classname="in.task_erp_api.testcases.EmployeeFolderAPITestCases" name="verify_Add_Employee_With_Authorization">
    <skipped/>
  </testcase> <!-- verify_Add_Employee_With_Authorization -->
  <testcase classname="in.task_erp_api.testcases.EmployeeFolderAPITestCases" name="verify_Update_Password_With_Authorization">
    <skipped/>
  </testcase> <!-- verify_Update_Password_With_Authorization -->
  <testcase classname="in.task_erp_api.testcases.EmployeeFolderAPITestCases" name="verify_Add_Forgot_Password_With_Authorization">
    <skipped/>
  </testcase> <!-- verify_Add_Forgot_Password_With_Authorization -->
  <testcase classname="in.task_erp_api.testcases.EmployeeFolderAPITestCases" name="verify_Update_Employee_With_Authorization">
    <skipped/>
  </testcase> <!-- verify_Update_Employee_With_Authorization -->
  <testcase classname="in.task_erp_api.testcases.EmployeeFolderAPITestCases" name="verify_Get_All_Active_Users_Info_With_Authorization">
    <skipped/>
  </testcase> <!-- verify_Get_All_Active_Users_Info_With_Authorization -->
</testsuite> <!-- in.task_erp_api.testcases.EmployeeFolderAPITestCases -->
