<?xml version="1.0" encoding="UTF-8"?>
<!-- Generated by org.testng.reporters.JUnitReportReporter -->
<testsuite hostname="DESKTOP-BG83L86" failures="0" tests="8" name="in.biencaps.erp.api.testcases.VerificationFolderAPITestCases" time="3.813" errors="0" timestamp="2024-05-30T17:47:58 IST" skipped="3">
  <testcase classname="in.biencaps.erp.api.testcases.VerificationFolderAPITestCases" name="verify_Add_Verification_Without_Authorization" time="0.722"/>
  <testcase classname="in.biencaps.erp.api.testcases.VerificationFolderAPITestCases" name="verify_Get_All_Verificationes_Without_Authorization" time="0.612"/>
  <testcase classname="in.biencaps.erp.api.testcases.VerificationFolderAPITestCases" name="verify_Update_Verification_Without_Authorization" time="1.221"/>
  <testcase classname="in.biencaps.erp.api.testcases.VerificationFolderAPITestCases" name="verify_Delete_Verification_Without_Authorization" time="0.617"/>
  <testcase classname="in.biencaps.erp.api.testcases.VerificationFolderAPITestCases" name="verify_Get_All_Verificationes_With_Authorization" time="0.641"/>
  <testcase classname="in.biencaps.erp.api.testcases.VerificationFolderAPITestCases" name="verify_Update_Verification_With_Authorization">
    <skipped/>
  </testcase> <!-- verify_Update_Verification_With_Authorization -->
  <testcase classname="in.biencaps.erp.api.testcases.VerificationFolderAPITestCases" name="verify_Delete_Single_Verification_With_Authorization">
    <skipped/>
  </testcase> <!-- verify_Delete_Single_Verification_With_Authorization -->
  <testcase classname="in.biencaps.erp.api.testcases.VerificationFolderAPITestCases" name="verify_Add_Verification_With_Authorization">
    <skipped/>
  </testcase> <!-- verify_Add_Verification_With_Authorization -->
</testsuite> <!-- in.biencaps.erp.api.testcases.VerificationFolderAPITestCases -->
