<?xml version="1.0" encoding="UTF-8"?>
<!-- Generated by org.testng.reporters.JUnitReportReporter -->
<testsuite hostname="DESKTOP-BG83L86" failures="0" tests="4" name="in.biencaps.erp.api.testcases.LoginEmployeeAPITestCases" time="6.753" errors="0" timestamp="2024-05-28T14:06:44 IST" skipped="0">
  <testcase classname="in.biencaps.erp.api.testcases.LoginEmployeeAPITestCases" name="verify_Login_Employee" time="3.358"/>
  <testcase classname="in.biencaps.erp.api.testcases.LoginEmployeeAPITestCases" name="verify_Login_Employee" time="0.712"/>
  <testcase classname="in.biencaps.erp.api.testcases.LoginEmployeeAPITestCases" name="verify_Login_Employee" time="1.308"/>
  <testcase classname="in.biencaps.erp.api.testcases.LoginEmployeeAPITestCases" name="verify_Login_Employee" time="1.375"/>
</testsuite> <!-- in.biencaps.erp.api.testcases.LoginEmployeeAPITestCases -->
