<?xml version="1.0" encoding="UTF-8"?>
<!-- Generated by org.testng.reporters.JUnitReportReporter -->
<testsuite hostname="DESKTOP-BG83L86" failures="0" tests="10" name="in.biencaps.erp.api.testcases.RoleFolderAPITestCases" time="0.754" errors="0" timestamp="2024-05-27T14:59:06 IST" skipped="8">
  <testcase classname="in.biencaps.erp.api.testcases.RoleFolderAPITestCases" name="verify_Get_All_Roles_Without_Authorization" time="0.366"/>
  <testcase classname="in.biencaps.erp.api.testcases.RoleFolderAPITestCases" name="verify_Get_All_Roles_With_Authorization" time="0.388"/>
  <testcase classname="in.biencaps.erp.api.testcases.RoleFolderAPITestCases" name="verify_Delete_Role_With_Authorization">
    <skipped/>
  </testcase> <!-- verify_Delete_Role_With_Authorization -->
  <testcase classname="in.biencaps.erp.api.testcases.RoleFolderAPITestCases" name="verify_Get_Role_By_Level_With_Authorization">
    <skipped/>
  </testcase> <!-- verify_Get_Role_By_Level_With_Authorization -->
  <testcase classname="in.biencaps.erp.api.testcases.RoleFolderAPITestCases" name="verify_Update_Role_Without_Authorization">
    <skipped/>
  </testcase> <!-- verify_Update_Role_Without_Authorization -->
  <testcase classname="in.biencaps.erp.api.testcases.RoleFolderAPITestCases" name="verify_Add_Role_With_Authorization">
    <skipped/>
  </testcase> <!-- verify_Add_Role_With_Authorization -->
  <testcase classname="in.biencaps.erp.api.testcases.RoleFolderAPITestCases" name="verify_Add_Role_Without_Authorization">
    <skipped/>
  </testcase> <!-- verify_Add_Role_Without_Authorization -->
  <testcase classname="in.biencaps.erp.api.testcases.RoleFolderAPITestCases" name="verify_Delete_Role_Without_Authorization">
    <skipped/>
  </testcase> <!-- verify_Delete_Role_Without_Authorization -->
  <testcase classname="in.biencaps.erp.api.testcases.RoleFolderAPITestCases" name="verify_Update_Role_With_Authorization">
    <skipped/>
  </testcase> <!-- verify_Update_Role_With_Authorization -->
  <testcase classname="in.biencaps.erp.api.testcases.RoleFolderAPITestCases" name="verify_Get_Role_By_Level_Without_Authorization">
    <skipped/>
  </testcase> <!-- verify_Get_Role_By_Level_Without_Authorization -->
</testsuite> <!-- in.biencaps.erp.api.testcases.RoleFolderAPITestCases -->
