<?xml version="1.0" encoding="UTF-8"?>
<!-- Generated by org.testng.reporters.JUnitReportReporter -->
<testsuite hostname="DESKTOP-BG83L86" failures="0" tests="10" name="in.biencaps.erp.api.testcases.DesignationFolderAPITestCases" time="4.622" errors="0" timestamp="2024-05-27T16:08:59 IST" skipped="3">
  <testcase classname="in.biencaps.erp.api.testcases.DesignationFolderAPITestCases" name="verify_Add_Designation_Without_Authorization" time="0.474"/>
  <testcase classname="in.biencaps.erp.api.testcases.DesignationFolderAPITestCases" name="verify_Get_All_Designation_By_Department_Without_Authorization" time="0.597"/>
  <testcase classname="in.biencaps.erp.api.testcases.DesignationFolderAPITestCases" name="verify_Get_All_Designation_Without_Authorization" time="0.436"/>
  <testcase classname="in.biencaps.erp.api.testcases.DesignationFolderAPITestCases" name="verify_Update_Designation_Without_Authorization" time="1.301"/>
  <testcase classname="in.biencaps.erp.api.testcases.DesignationFolderAPITestCases" name="verify_Delete_Designation_Without_Authorization" time="0.403"/>
  <testcase classname="in.biencaps.erp.api.testcases.DesignationFolderAPITestCases" name="verify_Get_All_Designation_With_Authorization" time="0.555"/>
  <testcase classname="in.biencaps.erp.api.testcases.DesignationFolderAPITestCases" name="verify_Get_All_Designation_By_Department_With_Authorization" time="0.856"/>
  <testcase classname="in.biencaps.erp.api.testcases.DesignationFolderAPITestCases" name="verify_Add_Designation_With_Authorization">
    <skipped/>
  </testcase> <!-- verify_Add_Designation_With_Authorization -->
  <testcase classname="in.biencaps.erp.api.testcases.DesignationFolderAPITestCases" name="verify_Delete_Designation_With_Authorization">
    <skipped/>
  </testcase> <!-- verify_Delete_Designation_With_Authorization -->
  <testcase classname="in.biencaps.erp.api.testcases.DesignationFolderAPITestCases" name="verify_Update_Designation_With_Authorization">
    <skipped/>
  </testcase> <!-- verify_Update_Designation_With_Authorization -->
</testsuite> <!-- in.biencaps.erp.api.testcases.DesignationFolderAPITestCases -->
