<?xml version="1.0" encoding="UTF-8"?>
<!-- Generated by org.testng.reporters.JUnitReportReporter -->
<testsuite hostname="DESKTOP-BG83L86" failures="0" tests="8" name="in.biencaps.erp.api.testcases.StatusFolderAPITestCases" time="2.747" errors="0" timestamp="2024-05-27T16:56:41 IST" skipped="3">
  <testcase classname="in.biencaps.erp.api.testcases.StatusFolderAPITestCases" name="verify_Add_Status_Without_Authorization" time="0.397"/>
  <testcase classname="in.biencaps.erp.api.testcases.StatusFolderAPITestCases" name="verify_Get_All_Status_Without_Authorization" time="0.469"/>
  <testcase classname="in.biencaps.erp.api.testcases.StatusFolderAPITestCases" name="verify_Update_Status_Without_Authorization" time="0.905"/>
  <testcase classname="in.biencaps.erp.api.testcases.StatusFolderAPITestCases" name="verify_Delete_Status_Without_Authorization" time="0.422"/>
  <testcase classname="in.biencaps.erp.api.testcases.StatusFolderAPITestCases" name="verify_Get_All_Status_With_Authorization" time="0.554"/>
  <testcase classname="in.biencaps.erp.api.testcases.StatusFolderAPITestCases" name="verify_Update_Status_With_Authorization">
    <skipped/>
  </testcase> <!-- verify_Update_Status_With_Authorization -->
  <testcase classname="in.biencaps.erp.api.testcases.StatusFolderAPITestCases" name="verify_Add_Status_With_Authorization">
    <skipped/>
  </testcase> <!-- verify_Add_Status_With_Authorization -->
  <testcase classname="in.biencaps.erp.api.testcases.StatusFolderAPITestCases" name="verify_Delete_Single_Status_With_Authorization">
    <skipped/>
  </testcase> <!-- verify_Delete_Single_Status_With_Authorization -->
</testsuite> <!-- in.biencaps.erp.api.testcases.StatusFolderAPITestCases -->
