<?xml version="1.0" encoding="UTF-8"?>
<!-- Generated by org.testng.reporters.JUnitReportReporter -->
<testsuite hostname="DESKTOP-BG83L86" failures="0" tests="21" name="in.biencaps.erp.api.testcases.DepartmentFolderAPITestCases" time="14.925" errors="0" timestamp="2024-05-30T17:47:58 IST" skipped="3">
  <testcase classname="in.biencaps.erp.api.testcases.DepartmentFolderAPITestCases" name="verify_Add_Department_Without_Authorization" time="0.729"/>
  <testcase classname="in.biencaps.erp.api.testcases.DepartmentFolderAPITestCases" name="verify_Get_User_Id_Without_Authorization" time="0.612"/>
  <testcase classname="in.biencaps.erp.api.testcases.DepartmentFolderAPITestCases" name="verify_Get_All_Departments_Without_Authorization" time="0.611"/>
  <testcase classname="in.biencaps.erp.api.testcases.DepartmentFolderAPITestCases" name="verify_Get_Employees_By_Department_Name_Without_Authorization" time="0.625"/>
  <testcase classname="in.biencaps.erp.api.testcases.DepartmentFolderAPITestCases" name="verify_Get_All_Employees_By_Designation_Name_Without_Authorization" time="0.596"/>
  <testcase classname="in.biencaps.erp.api.testcases.DepartmentFolderAPITestCases" name="verify_Get_All_Assignee_Without_Authorization" time="0.613"/>
  <testcase classname="in.biencaps.erp.api.testcases.DepartmentFolderAPITestCases" name="verify_Get_Higher_Authority_Without_Authorization" time="0.510"/>
  <testcase classname="in.biencaps.erp.api.testcases.DepartmentFolderAPITestCases" name="verify_Update_Department_Without_Authorization" time="1.179"/>
  <testcase classname="in.biencaps.erp.api.testcases.DepartmentFolderAPITestCases" name="verify_Delete_Department_Without_Authorization" time="0.659"/>
  <testcase classname="in.biencaps.erp.api.testcases.DepartmentFolderAPITestCases" name="verify_Get_All_Departments_With_Authorization" time="0.588"/>
  <testcase classname="in.biencaps.erp.api.testcases.DepartmentFolderAPITestCases" name="verify_Get_User_Id_With_Authorization" time="2.154"/>
  <testcase classname="in.biencaps.erp.api.testcases.DepartmentFolderAPITestCases" name="verify_Get_Employees_By_Department_Name_With_Authorization" time="0.607"/>
  <testcase classname="in.biencaps.erp.api.testcases.DepartmentFolderAPITestCases" name="verify_Get_Employees_By_Department_Name_With_Authorization" time="1.158"/>
  <testcase classname="in.biencaps.erp.api.testcases.DepartmentFolderAPITestCases" name="verify_Get_All_Employees_By_Designation_With_Authorization" time="0.680"/>
  <testcase classname="in.biencaps.erp.api.testcases.DepartmentFolderAPITestCases" name="verify_Get_All_Employees_By_Designation_With_Authorization" time="0.827"/>
  <testcase classname="in.biencaps.erp.api.testcases.DepartmentFolderAPITestCases" name="verify_Get_All_Assignee_With_Authorization" time="0.909"/>
  <testcase classname="in.biencaps.erp.api.testcases.DepartmentFolderAPITestCases" name="verify_Get_Higher_Authority_With_Authorization" time="1.020"/>
  <testcase classname="in.biencaps.erp.api.testcases.DepartmentFolderAPITestCases" name="verify_Get_Higher_Authority_By_Giving_Invalid_Department" time="0.848"/>
  <testcase classname="in.biencaps.erp.api.testcases.DepartmentFolderAPITestCases" name="verify_Add_Department_With_Authorization">
    <skipped/>
  </testcase> <!-- verify_Add_Department_With_Authorization -->
  <testcase classname="in.biencaps.erp.api.testcases.DepartmentFolderAPITestCases" name="verifyDeleteSingleDepartmentWithAuthorization">
    <skipped/>
  </testcase> <!-- verifyDeleteSingleDepartmentWithAuthorization -->
  <testcase classname="in.biencaps.erp.api.testcases.DepartmentFolderAPITestCases" name="verifyUpdateDepartmentWithAuthorization">
    <skipped/>
  </testcase> <!-- verifyUpdateDepartmentWithAuthorization -->
</testsuite> <!-- in.biencaps.erp.api.testcases.DepartmentFolderAPITestCases -->
