<?xml version="1.0" encoding="UTF-8"?>
<!-- Generated by org.testng.reporters.JUnitReportReporter -->
<testsuite hostname="DESKTOP-BG83L86" failures="0" tests="11" name="in.biencaps.erp.api.testcases.PriorityFolderAPITestCases" time="10.112" errors="0" timestamp="2024-05-28T14:06:44 IST" skipped="3">
  <testcase classname="in.biencaps.erp.api.testcases.PriorityFolderAPITestCases" name="verify_Add_Priority_Without_Authorization" time="0.520"/>
  <testcase classname="in.biencaps.erp.api.testcases.PriorityFolderAPITestCases" name="verify_Get_All_Priority_Without_Authorization" time="0.533"/>
  <testcase classname="in.biencaps.erp.api.testcases.PriorityFolderAPITestCases" name="verify_Update_Priority_Without_Authorization" time="1.052"/>
  <testcase classname="in.biencaps.erp.api.testcases.PriorityFolderAPITestCases" name="verify_Delete_Single_Priority_Without_Authorization" time="0.585"/>
  <testcase classname="in.biencaps.erp.api.testcases.PriorityFolderAPITestCases" name="verify_Get_All_Priorities_With_Authorization" time="0.681"/>
  <testcase classname="in.biencaps.erp.api.testcases.PriorityFolderAPITestCases" name="verify_Add_Priority_With_Employee_Authorization" time="2.007"/>
  <testcase classname="in.biencaps.erp.api.testcases.PriorityFolderAPITestCases" name="verify_Update_Priority_With_Employee_Authorization" time="2.702"/>
  <testcase classname="in.biencaps.erp.api.testcases.PriorityFolderAPITestCases" name="verify_Delete_Priority_With_Employee_Authorization" time="2.032"/>
  <testcase classname="in.biencaps.erp.api.testcases.PriorityFolderAPITestCases" name="verify_Add_Priority_With_Admin_Authorization">
    <skipped/>
  </testcase> <!-- verify_Add_Priority_With_Admin_Authorization -->
  <testcase classname="in.biencaps.erp.api.testcases.PriorityFolderAPITestCases" name="verify_Delete_Single_Priority_With_Admin_Authorization">
    <skipped/>
  </testcase> <!-- verify_Delete_Single_Priority_With_Admin_Authorization -->
  <testcase classname="in.biencaps.erp.api.testcases.PriorityFolderAPITestCases" name="verify_Update_Priority_With_Admin_Authorization">
    <skipped/>
  </testcase> <!-- verify_Update_Priority_With_Admin_Authorization -->
</testsuite> <!-- in.biencaps.erp.api.testcases.PriorityFolderAPITestCases -->
