<?xml version="1.0" encoding="UTF-8"?>
<!-- Generated by org.testng.reporters.JUnitReportReporter -->
<testsuite hostname="DESKTOP-BG83L86" failures="0" tests="21" name="in.task_erp_api.testcases.DepartmentFolderAPITestCases" time="10.424" errors="0" timestamp="2024-05-27T14:44:35 IST" skipped="3">
  <testcase classname="in.task_erp_api.testcases.DepartmentFolderAPITestCases" name="verify_Add_Department_Without_Authorization" time="0.417"/>
  <testcase classname="in.task_erp_api.testcases.DepartmentFolderAPITestCases" name="verify_Get_User_Id_Without_Authorization" time="0.344"/>
  <testcase classname="in.task_erp_api.testcases.DepartmentFolderAPITestCases" name="verify_Get_All_Departments_Without_Authorization" time="0.368"/>
  <testcase classname="in.task_erp_api.testcases.DepartmentFolderAPITestCases" name="verify_Get_Employees_By_Department_Name_Without_Authorization" time="0.366"/>
  <testcase classname="in.task_erp_api.testcases.DepartmentFolderAPITestCases" name="verify_Get_All_Employees_By_Designation_Name_Without_Authorization" time="0.363"/>
  <testcase classname="in.task_erp_api.testcases.DepartmentFolderAPITestCases" name="verify_Get_All_Assignee_Without_Authorization" time="0.389"/>
  <testcase classname="in.task_erp_api.testcases.DepartmentFolderAPITestCases" name="verify_Get_Higher_Authority_Without_Authorization" time="0.359"/>
  <testcase classname="in.task_erp_api.testcases.DepartmentFolderAPITestCases" name="verify_Update_Department_Without_Authorization" time="0.702"/>
  <testcase classname="in.task_erp_api.testcases.DepartmentFolderAPITestCases" name="verify_Delete_Department_Without_Authorization" time="0.333"/>
  <testcase classname="in.task_erp_api.testcases.DepartmentFolderAPITestCases" name="verify_Get_All_Departments_With_Authorization" time="0.399"/>
  <testcase classname="in.task_erp_api.testcases.DepartmentFolderAPITestCases" name="verify_Get_User_Id_With_Authorization" time="1.907"/>
  <testcase classname="in.task_erp_api.testcases.DepartmentFolderAPITestCases" name="verify_Get_Employees_By_Department_Name_With_Authorization" time="0.914"/>
  <testcase classname="in.task_erp_api.testcases.DepartmentFolderAPITestCases" name="verify_Get_Employees_By_Department_By_Giving_Invalid_Department" time="0.415"/>
  <testcase classname="in.task_erp_api.testcases.DepartmentFolderAPITestCases" name="verify_Get_All_Employees_By_Designation_With_Authorization" time="0.341"/>
  <testcase classname="in.task_erp_api.testcases.DepartmentFolderAPITestCases" name="verify_Get_All_Employees_By_Designation_By_Giving_Invalid_Designation" time="0.360"/>
  <testcase classname="in.task_erp_api.testcases.DepartmentFolderAPITestCases" name="verify_Get_All_Assignee_With_Authorization_By_Giving_Valid_Role_Level" time="0.740"/>
  <testcase classname="in.task_erp_api.testcases.DepartmentFolderAPITestCases" name="verify_Get_Higher_Authority_With_Authorization" time="0.881"/>
  <testcase classname="in.task_erp_api.testcases.DepartmentFolderAPITestCases" name="verify_Get_Higher_Authority_By_Giving_Invalid_Department" time="0.826"/>
  <testcase classname="in.task_erp_api.testcases.DepartmentFolderAPITestCases" name="verifyUpdateDepartmentWithAuthorization">
    <skipped/>
  </testcase> <!-- verifyUpdateDepartmentWithAuthorization -->
  <testcase classname="in.task_erp_api.testcases.DepartmentFolderAPITestCases" name="verify_Add_Department_With_Authorization">
    <skipped/>
  </testcase> <!-- verify_Add_Department_With_Authorization -->
  <testcase classname="in.task_erp_api.testcases.DepartmentFolderAPITestCases" name="verifyDeleteSingleDepartmentWithAuthorization">
    <skipped/>
  </testcase> <!-- verifyDeleteSingleDepartmentWithAuthorization -->
</testsuite> <!-- in.task_erp_api.testcases.DepartmentFolderAPITestCases -->
