<?xml version="1.0" encoding="UTF-8"?>
<!-- Generated by org.testng.reporters.JUnitReportReporter -->
<testsuite hostname="DESKTOP-BG83L86" failures="0" tests="47" name="in.biencaps.erp.api.testcases.EmployeeFolderAPITestCases" time="28.977" errors="0" timestamp="2024-05-30T17:47:58 IST" skipped="5">
  <testcase classname="in.biencaps.erp.api.testcases.EmployeeFolderAPITestCases" name="verify_Add_Employee_Without_Authorization" time="0.713"/>
  <testcase classname="in.biencaps.erp.api.testcases.EmployeeFolderAPITestCases" name="verify_Get_Single_Employee_Without_Authorization" time="0.601"/>
  <testcase classname="in.biencaps.erp.api.testcases.EmployeeFolderAPITestCases" name="verify_Get_UserId_Without_Authorization" time="0.619"/>
  <testcase classname="in.biencaps.erp.api.testcases.EmployeeFolderAPITestCases" name="verify_Get_All_Reporting_Authorities_Without_Authorization" time="0.616"/>
  <testcase classname="in.biencaps.erp.api.testcases.EmployeeFolderAPITestCases" name="verify_Get_All_Assignees_Without_Authorization" time="0.710"/>
  <testcase classname="in.biencaps.erp.api.testcases.EmployeeFolderAPITestCases" name="verify_Get_All_Employees_Without_Authorization" time="0.710"/>
  <testcase classname="in.biencaps.erp.api.testcases.EmployeeFolderAPITestCases" name="verify_Get_All_Active_Users_Info_Without_Authorization" time="0.752"/>
  <testcase classname="in.biencaps.erp.api.testcases.EmployeeFolderAPITestCases" name="verify_Get_All_Employees_Ids_And_Names_Without_Authorization" time="0.679"/>
  <testcase classname="in.biencaps.erp.api.testcases.EmployeeFolderAPITestCases" name="verify_Get_Assigned_Task_Info_By_Role_Without_Authorization" time="0.559"/>
  <testcase classname="in.biencaps.erp.api.testcases.EmployeeFolderAPITestCases" name="verify_Get_Search_Employee_In_Level_Without_Authorization" time="0.484"/>
  <testcase classname="in.biencaps.erp.api.testcases.EmployeeFolderAPITestCases" name="verify_Add_Token_For_Web_Without_Authorization" time="0.679"/>
  <testcase classname="in.biencaps.erp.api.testcases.EmployeeFolderAPITestCases" name="verify_Add_Token_For_Mobile_Without_Authorization" time="0.615"/>
  <testcase classname="in.biencaps.erp.api.testcases.EmployeeFolderAPITestCases" name="verify_Update_Employee_Without_Authorization" time="0.619"/>
  <testcase classname="in.biencaps.erp.api.testcases.EmployeeFolderAPITestCases" name="verify_Update_Password_Without_Authorization" time="0.613"/>
  <testcase classname="in.biencaps.erp.api.testcases.EmployeeFolderAPITestCases" name="verify_Get_Task_Owners_Without_Authorization" time="0.500"/>
  <testcase classname="in.biencaps.erp.api.testcases.EmployeeFolderAPITestCases" name="verify_Get_All_Employee_With_Authorization" time="1.220"/>
  <testcase classname="in.biencaps.erp.api.testcases.EmployeeFolderAPITestCases" name="verify_Get_Single_Employee_With_Authorization" time="0.884"/>
  <testcase classname="in.biencaps.erp.api.testcases.EmployeeFolderAPITestCases" name="verify_Get_Single_Employee_By_Giving_Invalid_UserId" time="0.625"/>
  <testcase classname="in.biencaps.erp.api.testcases.EmployeeFolderAPITestCases" name="verify_Get_Task_Owners_With_Authorization" time="0.892"/>
  <testcase classname="in.biencaps.erp.api.testcases.EmployeeFolderAPITestCases" name="verify_Get_User_Id_With_Authorization" time="0.687"/>
  <testcase classname="in.biencaps.erp.api.testcases.EmployeeFolderAPITestCases" name="verify_Get_All_Employee_Id_And_Names_With_Authorization" time="0.774"/>
  <testcase classname="in.biencaps.erp.api.testcases.EmployeeFolderAPITestCases" name="verify_Get_Reporting_Authority_With_Authorization" time="0.795"/>
  <testcase classname="in.biencaps.erp.api.testcases.EmployeeFolderAPITestCases" name="verify_Get_Reporting_Authority_By_Giving_Invalid_Department" time="0.939"/>
  <testcase classname="in.biencaps.erp.api.testcases.EmployeeFolderAPITestCases" name="verify_Get_All_Assignee_With_Authorization_By_Giving_Valid_Role_Level" time="0.785"/>
  <testcase classname="in.biencaps.erp.api.testcases.EmployeeFolderAPITestCases" name="verify_Get_Assigned_Task_Info_By_Role_With_Authorization" time="0.626"/>
  <testcase classname="in.biencaps.erp.api.testcases.EmployeeFolderAPITestCases" name="verify_Get_Assigned_Task_Info_By_Role_With_Authorization" time="0.586"/>
  <testcase classname="in.biencaps.erp.api.testcases.EmployeeFolderAPITestCases" name="verify_Get_Assigned_Task_Info_By_Role_With_Authorization" time="0.632"/>
  <testcase classname="in.biencaps.erp.api.testcases.EmployeeFolderAPITestCases" name="verify_Get_Assigned_Task_Info_By_Role_With_Authorization" time="0.787"/>
  <testcase classname="in.biencaps.erp.api.testcases.EmployeeFolderAPITestCases" name="verify_Get_Encrypted_Email_With_Authorization" time="0.801"/>
  <testcase classname="in.biencaps.erp.api.testcases.EmployeeFolderAPITestCases" name="verify_Get_Encrypted_Email_With_Authorization" time="0.641"/>
  <testcase classname="in.biencaps.erp.api.testcases.EmployeeFolderAPITestCases" name="verify_Get_Search_Employee_In_Level_With_Authorization" time="0.624"/>
  <testcase classname="in.biencaps.erp.api.testcases.EmployeeFolderAPITestCases" name="verify_Get_Search_Employee_In_Level_With_Authorization" time="0.612"/>
  <testcase classname="in.biencaps.erp.api.testcases.EmployeeFolderAPITestCases" name="verify_Get_Search_Employee_In_Level_With_Authorization" time="0.613"/>
  <testcase classname="in.biencaps.erp.api.testcases.EmployeeFolderAPITestCases" name="verify_Get_Search_Employee_In_Level_With_Authorization" time="0.645"/>
  <testcase classname="in.biencaps.erp.api.testcases.EmployeeFolderAPITestCases" name="verify_Get_Search_Employee_In_Level_With_Authorization" time="0.610"/>
  <testcase classname="in.biencaps.erp.api.testcases.EmployeeFolderAPITestCases" name="verify_Get_Search_Employee_In_Level_With_Authorization" time="0.606"/>
  <testcase classname="in.biencaps.erp.api.testcases.EmployeeFolderAPITestCases" name="verify_Add_Token_For_Web_With_Authorization" time="0.623"/>
  <testcase classname="in.biencaps.erp.api.testcases.EmployeeFolderAPITestCases" name="verify_Add_Token_For_Web_With_Authorization" time="1.106"/>
  <testcase classname="in.biencaps.erp.api.testcases.EmployeeFolderAPITestCases" name="verify_Add_Token_For_Web_With_Authorization" time="0.612"/>
  <testcase classname="in.biencaps.erp.api.testcases.EmployeeFolderAPITestCases" name="verify_Add_Token_For_Mobile_With_Authorization" time="0.555"/>
  <testcase classname="in.biencaps.erp.api.testcases.EmployeeFolderAPITestCases" name="verify_Add_Token_For_Mobile_With_Authorization" time="0.603"/>
  <testcase classname="in.biencaps.erp.api.testcases.EmployeeFolderAPITestCases" name="verify_Add_Token_For_Mobile_With_Authorization" time="0.625"/>
  <testcase classname="in.biencaps.erp.api.testcases.EmployeeFolderAPITestCases" name="verify_Add_Employee_With_Authorization">
    <skipped/>
  </testcase> <!-- verify_Add_Employee_With_Authorization -->
  <testcase classname="in.biencaps.erp.api.testcases.EmployeeFolderAPITestCases" name="verify_Get_All_Active_Users_Info_With_Authorization">
    <skipped/>
  </testcase> <!-- verify_Get_All_Active_Users_Info_With_Authorization -->
  <testcase classname="in.biencaps.erp.api.testcases.EmployeeFolderAPITestCases" name="verify_Update_Password_With_Authorization">
    <skipped/>
  </testcase> <!-- verify_Update_Password_With_Authorization -->
  <testcase classname="in.biencaps.erp.api.testcases.EmployeeFolderAPITestCases" name="verify_Update_Employee_With_Authorization">
    <skipped/>
  </testcase> <!-- verify_Update_Employee_With_Authorization -->
  <testcase classname="in.biencaps.erp.api.testcases.EmployeeFolderAPITestCases" name="verify_Add_Forgot_Password_With_Authorization">
    <skipped/>
  </testcase> <!-- verify_Add_Forgot_Password_With_Authorization -->
</testsuite> <!-- in.biencaps.erp.api.testcases.EmployeeFolderAPITestCases -->
