<?xml version="1.0" encoding="UTF-8"?>
<!-- Generated by org.testng.reporters.JUnitReportReporter -->
<testsuite hostname="DESKTOP-BG83L86" failures="0" tests="3" name="in.biencaps.erp.api.testcases.LoginEmployeeAPITestCases" time="4.501" errors="0" timestamp="2024-05-27T14:59:06 IST" skipped="0">
  <testcase classname="in.biencaps.erp.api.testcases.LoginEmployeeAPITestCases" name="verify_Login_Employee_By_Giving_Valid_Data" time="2.739"/>
  <testcase classname="in.biencaps.erp.api.testcases.LoginEmployeeAPITestCases" name="verify_Login_Employee_By_Giving_Invalid_LoginId" time="0.449"/>
  <testcase classname="in.biencaps.erp.api.testcases.LoginEmployeeAPITestCases" name="verify_Login_Employee_By_Giving_Invalid_Password" time="1.313"/>
</testsuite> <!-- in.biencaps.erp.api.testcases.LoginEmployeeAPITestCases -->
